[2022-03-16 12:08:37.818] [INFO ] org.springframework.boot.StartupInfoLogger.logStarting(StartupInfoLogger.java:55) com.bnuz.electronic_supermarket.ElectronicSupermarketApplication - Starting ElectronicSupermarketApplication using Java 1.8.0_251 on LAPTOP-T0L5AU5O with PID 14680 (D:\SeniorCourse\毕业设计\毕设作品电子商城\target\classes started by AEO WUGUOZHI in D:\SeniorCourse\毕业设计\毕设作品电子商城)
[2022-03-16 12:08:37.822] [INFO ] org.springframework.boot.SpringApplication.logStartupProfileInfo(SpringApplication.java:659) com.bnuz.electronic_supermarket.ElectronicSupermarketApplication - No active profile set, falling back to default profiles: default
[2022-03-16 12:08:37.878] [INFO ] org.springframework.boot.logging.DeferredLog.logTo(DeferredLog.java:255) org.springframework.boot.devtools.env.DevToolsPropertyDefaultsPostProcessor - Devtools property defaults active! Set 'spring.devtools.add-properties' to 'false' to disable
[2022-03-16 12:08:37.932] [INFO ] org.springframework.boot.logging.DeferredLog.logTo(DeferredLog.java:255) org.springframework.boot.devtools.env.DevToolsPropertyDefaultsPostProcessor - For additional web related logging consider setting the 'logging.level.web' property to 'DEBUG'
[2022-03-16 12:08:39.293] [INFO ] org.springframework.data.repository.config.RepositoryConfigurationDelegate.multipleStoresDetected(RepositoryConfigurationDelegate.java:262) org.springframework.data.repository.config.RepositoryConfigurationDelegate - Multiple Spring Data modules found, entering strict repository configuration mode!
[2022-03-16 12:08:39.295] [INFO ] org.springframework.data.repository.config.RepositoryConfigurationDelegate.registerRepositoriesIn(RepositoryConfigurationDelegate.java:132) org.springframework.data.repository.config.RepositoryConfigurationDelegate - Bootstrapping Spring Data Elasticsearch repositories in DEFAULT mode.
[2022-03-16 12:08:39.326] [INFO ] org.springframework.data.repository.config.RepositoryConfigurationDelegate.registerRepositoriesIn(RepositoryConfigurationDelegate.java:201) org.springframework.data.repository.config.RepositoryConfigurationDelegate - Finished Spring Data repository scanning in 24 ms. Found 0 Elasticsearch repository interfaces.
[2022-03-16 12:08:39.332] [INFO ] org.springframework.data.repository.config.RepositoryConfigurationDelegate.multipleStoresDetected(RepositoryConfigurationDelegate.java:262) org.springframework.data.repository.config.RepositoryConfigurationDelegate - Multiple Spring Data modules found, entering strict repository configuration mode!
[2022-03-16 12:08:39.332] [INFO ] org.springframework.data.repository.config.RepositoryConfigurationDelegate.registerRepositoriesIn(RepositoryConfigurationDelegate.java:132) org.springframework.data.repository.config.RepositoryConfigurationDelegate - Bootstrapping Spring Data Reactive Elasticsearch repositories in DEFAULT mode.
[2022-03-16 12:08:39.348] [INFO ] org.springframework.data.repository.config.RepositoryConfigurationDelegate.registerRepositoriesIn(RepositoryConfigurationDelegate.java:201) org.springframework.data.repository.config.RepositoryConfigurationDelegate - Finished Spring Data repository scanning in 15 ms. Found 0 Reactive Elasticsearch repository interfaces.
[2022-03-16 12:08:39.373] [INFO ] org.springframework.data.repository.config.RepositoryConfigurationDelegate.multipleStoresDetected(RepositoryConfigurationDelegate.java:262) org.springframework.data.repository.config.RepositoryConfigurationDelegate - Multiple Spring Data modules found, entering strict repository configuration mode!
[2022-03-16 12:08:39.374] [INFO ] org.springframework.data.repository.config.RepositoryConfigurationDelegate.registerRepositoriesIn(RepositoryConfigurationDelegate.java:132) org.springframework.data.repository.config.RepositoryConfigurationDelegate - Bootstrapping Spring Data JDBC repositories in DEFAULT mode.
[2022-03-16 12:08:39.387] [INFO ] org.springframework.data.repository.config.RepositoryConfigurationDelegate.registerRepositoriesIn(RepositoryConfigurationDelegate.java:201) org.springframework.data.repository.config.RepositoryConfigurationDelegate - Finished Spring Data repository scanning in 13 ms. Found 0 JDBC repository interfaces.
[2022-03-16 12:08:39.399] [INFO ] org.springframework.data.repository.config.RepositoryConfigurationDelegate.multipleStoresDetected(RepositoryConfigurationDelegate.java:262) org.springframework.data.repository.config.RepositoryConfigurationDelegate - Multiple Spring Data modules found, entering strict repository configuration mode!
[2022-03-16 12:08:39.400] [INFO ] org.springframework.data.repository.config.RepositoryConfigurationDelegate.registerRepositoriesIn(RepositoryConfigurationDelegate.java:132) org.springframework.data.repository.config.RepositoryConfigurationDelegate - Bootstrapping Spring Data Redis repositories in DEFAULT mode.
[2022-03-16 12:08:39.420] [INFO ] org.springframework.data.repository.config.RepositoryConfigurationDelegate.registerRepositoriesIn(RepositoryConfigurationDelegate.java:201) org.springframework.data.repository.config.RepositoryConfigurationDelegate - Finished Spring Data repository scanning in 11 ms. Found 0 Redis repository interfaces.
[2022-03-16 12:08:40.315] [INFO ] org.springframework.boot.web.embedded.tomcat.TomcatWebServer.initialize(TomcatWebServer.java:108) org.springframework.boot.web.embedded.tomcat.TomcatWebServer - Tomcat initialized with port(s): 8099 (http)
[2022-03-16 12:08:40.325] [INFO ] org.apache.juli.logging.DirectJDKLog.log(DirectJDKLog.java:173) org.apache.coyote.http11.Http11NioProtocol - Initializing ProtocolHandler ["http-nio-8099"]
[2022-03-16 12:08:40.326] [INFO ] org.apache.juli.logging.DirectJDKLog.log(DirectJDKLog.java:173) org.apache.catalina.core.StandardService - Starting service [Tomcat]
[2022-03-16 12:08:40.326] [INFO ] org.apache.juli.logging.DirectJDKLog.log(DirectJDKLog.java:173) org.apache.catalina.core.StandardEngine - Starting Servlet engine: [Apache Tomcat/9.0.54]
[2022-03-16 12:08:40.469] [INFO ] org.apache.juli.logging.DirectJDKLog.log(DirectJDKLog.java:173) org.apache.catalina.core.ContainerBase.[Tomcat].[localhost].[/] - Initializing Spring embedded WebApplicationContext
[2022-03-16 12:08:40.470] [INFO ] org.springframework.boot.web.servlet.context.ServletWebServerApplicationContext.prepareWebApplicationContext(ServletWebServerApplicationContext.java:290) org.springframework.boot.web.servlet.context.ServletWebServerApplicationContext - Root WebApplicationContext: initialization completed in 2537 ms
[2022-03-16 12:08:40.631] [INFO ] com.alibaba.druid.spring.boot.autoconfigure.DruidDataSourceAutoConfigure.dataSource(DruidDataSourceAutoConfigure.java:56) com.alibaba.druid.spring.boot.autoconfigure.DruidDataSourceAutoConfigure - Init DruidDataSource
[2022-03-16 12:08:40.891] [INFO ] com.alibaba.druid.pool.DruidDataSource.init(DruidDataSource.java:994) com.alibaba.druid.pool.DruidDataSource - {dataSource-1} inited
[2022-03-16 12:08:42.256] [INFO ] org.springframework.beans.factory.annotation.AutowiredAnnotationBeanPostProcessor.lambda$buildAutowiringMetadata$1(AutowiredAnnotationBeanPostProcessor.java:478) org.springframework.beans.factory.annotation.AutowiredAnnotationBeanPostProcessor - Autowired annotation is not supported on static fields: private static final org.slf4j.Logger com.bnuz.electronic_supermarket.user.service.implement.UserServiceImpl.LOGGER
[2022-03-16 12:08:42.893] [INFO ] org.springframework.boot.devtools.autoconfigure.OptionalLiveReloadServer.startServer(OptionalLiveReloadServer.java:58) org.springframework.boot.devtools.autoconfigure.OptionalLiveReloadServer - LiveReload server is running on port 35729
[2022-03-16 12:08:44.988] [INFO ] org.springframework.data.elasticsearch.support.VersionInfo.logVersions(VersionInfo.java:62) org.springframework.data.elasticsearch.support.VersionInfo - Version Spring Data Elasticsearch: 4.2.6
[2022-03-16 12:08:44.988] [INFO ] org.springframework.data.elasticsearch.support.VersionInfo.logVersions(VersionInfo.java:63) org.springframework.data.elasticsearch.support.VersionInfo - Version Elasticsearch Client in build: 7.12.1
[2022-03-16 12:08:44.989] [INFO ] org.springframework.data.elasticsearch.support.VersionInfo.logVersions(VersionInfo.java:64) org.springframework.data.elasticsearch.support.VersionInfo - Version Elasticsearch Client used: 7.12.1
[2022-03-16 12:08:45.839] [INFO ] org.apache.juli.logging.DirectJDKLog.log(DirectJDKLog.java:173) org.apache.coyote.http11.Http11NioProtocol - Starting ProtocolHandler ["http-nio-8099"]
[2022-03-16 12:08:45.851] [INFO ] org.springframework.boot.web.embedded.tomcat.TomcatWebServer.start(TomcatWebServer.java:220) org.springframework.boot.web.embedded.tomcat.TomcatWebServer - Tomcat started on port(s): 8099 (http) with context path ''
[2022-03-16 12:08:46.049] [WARN ] springfox.documentation.swagger.readers.operation.OperationImplicitParameterReader.modelSpecification(OperationImplicitParameterReader.java:170) springfox.documentation.swagger.readers.operation.OperationImplicitParameterReader - Unable to interpret the implicit parameter configuration with dataType: String, dataTypeClass: class java.lang.Void
[2022-03-16 12:08:46.053] [WARN ] springfox.documentation.swagger.readers.operation.OperationImplicitParameterReader.modelSpecification(OperationImplicitParameterReader.java:170) springfox.documentation.swagger.readers.operation.OperationImplicitParameterReader - Unable to interpret the implicit parameter configuration with dataType: , dataTypeClass: class java.lang.Void
[2022-03-16 12:08:46.157] [INFO ] org.springframework.boot.StartupInfoLogger.logStarted(StartupInfoLogger.java:61) com.bnuz.electronic_supermarket.ElectronicSupermarketApplication - Started ElectronicSupermarketApplication in 8.836 seconds (JVM running for 11.681)
[2022-03-16 12:08:55.188] [INFO ] org.apache.juli.logging.DirectJDKLog.log(DirectJDKLog.java:173) org.apache.catalina.core.ContainerBase.[Tomcat].[localhost].[/] - Initializing Spring DispatcherServlet 'dispatcherServlet'
[2022-03-16 12:08:55.188] [INFO ] org.springframework.web.servlet.FrameworkServlet.initServletBean(FrameworkServlet.java:525) org.springframework.web.servlet.DispatcherServlet - Initializing Servlet 'dispatcherServlet'
[2022-03-16 12:08:55.195] [INFO ] org.springframework.web.servlet.FrameworkServlet.initServletBean(FrameworkServlet.java:547) org.springframework.web.servlet.DispatcherServlet - Completed initialization in 7 ms
