[2022-03-16 14:19:55.933] [INFO ] org.springframework.boot.StartupInfoLogger.logStarting(StartupInfoLogger.java:55) com.bnuz.electronic_supermarket.ElectronicSupermarketApplication - Starting ElectronicSupermarketApplication using Java 1.8.0_251 on LAPTOP-T0L5AU5O with PID 14892 (D:\SeniorCourse\毕业设计\毕设作品电子商城\target\classes started by AEO WUGUOZHI in D:\SeniorCourse\毕业设计\毕设作品电子商城)
[2022-03-16 14:19:55.939] [INFO ] org.springframework.boot.SpringApplication.logStartupProfileInfo(SpringApplication.java:659) com.bnuz.electronic_supermarket.ElectronicSupermarketApplication - No active profile set, falling back to default profiles: default
[2022-03-16 14:19:56.010] [INFO ] org.springframework.boot.logging.DeferredLog.logTo(DeferredLog.java:255) org.springframework.boot.devtools.env.DevToolsPropertyDefaultsPostProcessor - Devtools property defaults active! Set 'spring.devtools.add-properties' to 'false' to disable
[2022-03-16 14:19:56.011] [INFO ] org.springframework.boot.logging.DeferredLog.logTo(DeferredLog.java:255) org.springframework.boot.devtools.env.DevToolsPropertyDefaultsPostProcessor - For additional web related logging consider setting the 'logging.level.web' property to 'DEBUG'
[2022-03-16 14:19:58.472] [INFO ] org.springframework.data.repository.config.RepositoryConfigurationDelegate.multipleStoresDetected(RepositoryConfigurationDelegate.java:262) org.springframework.data.repository.config.RepositoryConfigurationDelegate - Multiple Spring Data modules found, entering strict repository configuration mode!
[2022-03-16 14:19:58.475] [INFO ] org.springframework.data.repository.config.RepositoryConfigurationDelegate.registerRepositoriesIn(RepositoryConfigurationDelegate.java:132) org.springframework.data.repository.config.RepositoryConfigurationDelegate - Bootstrapping Spring Data Elasticsearch repositories in DEFAULT mode.
[2022-03-16 14:19:58.512] [INFO ] org.springframework.data.repository.config.RepositoryConfigurationDelegate.registerRepositoriesIn(RepositoryConfigurationDelegate.java:201) org.springframework.data.repository.config.RepositoryConfigurationDelegate - Finished Spring Data repository scanning in 30 ms. Found 0 Elasticsearch repository interfaces.
[2022-03-16 14:19:58.519] [INFO ] org.springframework.data.repository.config.RepositoryConfigurationDelegate.multipleStoresDetected(RepositoryConfigurationDelegate.java:262) org.springframework.data.repository.config.RepositoryConfigurationDelegate - Multiple Spring Data modules found, entering strict repository configuration mode!
[2022-03-16 14:19:58.520] [INFO ] org.springframework.data.repository.config.RepositoryConfigurationDelegate.registerRepositoriesIn(RepositoryConfigurationDelegate.java:132) org.springframework.data.repository.config.RepositoryConfigurationDelegate - Bootstrapping Spring Data Reactive Elasticsearch repositories in DEFAULT mode.
[2022-03-16 14:19:58.536] [INFO ] org.springframework.data.repository.config.RepositoryConfigurationDelegate.registerRepositoriesIn(RepositoryConfigurationDelegate.java:201) org.springframework.data.repository.config.RepositoryConfigurationDelegate - Finished Spring Data repository scanning in 16 ms. Found 0 Reactive Elasticsearch repository interfaces.
[2022-03-16 14:19:58.563] [INFO ] org.springframework.data.repository.config.RepositoryConfigurationDelegate.multipleStoresDetected(RepositoryConfigurationDelegate.java:262) org.springframework.data.repository.config.RepositoryConfigurationDelegate - Multiple Spring Data modules found, entering strict repository configuration mode!
[2022-03-16 14:19:58.563] [INFO ] org.springframework.data.repository.config.RepositoryConfigurationDelegate.registerRepositoriesIn(RepositoryConfigurationDelegate.java:132) org.springframework.data.repository.config.RepositoryConfigurationDelegate - Bootstrapping Spring Data JDBC repositories in DEFAULT mode.
[2022-03-16 14:19:58.580] [INFO ] org.springframework.data.repository.config.RepositoryConfigurationDelegate.registerRepositoriesIn(RepositoryConfigurationDelegate.java:201) org.springframework.data.repository.config.RepositoryConfigurationDelegate - Finished Spring Data repository scanning in 16 ms. Found 0 JDBC repository interfaces.
[2022-03-16 14:19:58.601] [INFO ] org.springframework.data.repository.config.RepositoryConfigurationDelegate.multipleStoresDetected(RepositoryConfigurationDelegate.java:262) org.springframework.data.repository.config.RepositoryConfigurationDelegate - Multiple Spring Data modules found, entering strict repository configuration mode!
[2022-03-16 14:19:58.603] [INFO ] org.springframework.data.repository.config.RepositoryConfigurationDelegate.registerRepositoriesIn(RepositoryConfigurationDelegate.java:132) org.springframework.data.repository.config.RepositoryConfigurationDelegate - Bootstrapping Spring Data Redis repositories in DEFAULT mode.
[2022-03-16 14:19:58.645] [INFO ] org.springframework.data.repository.config.RepositoryConfigurationDelegate.registerRepositoriesIn(RepositoryConfigurationDelegate.java:201) org.springframework.data.repository.config.RepositoryConfigurationDelegate - Finished Spring Data repository scanning in 21 ms. Found 0 Redis repository interfaces.
[2022-03-16 14:20:00.138] [INFO ] org.springframework.boot.web.embedded.tomcat.TomcatWebServer.initialize(TomcatWebServer.java:108) org.springframework.boot.web.embedded.tomcat.TomcatWebServer - Tomcat initialized with port(s): 8099 (http)
[2022-03-16 14:20:00.154] [INFO ] org.apache.juli.logging.DirectJDKLog.log(DirectJDKLog.java:173) org.apache.coyote.http11.Http11NioProtocol - Initializing ProtocolHandler ["http-nio-8099"]
[2022-03-16 14:20:00.155] [INFO ] org.apache.juli.logging.DirectJDKLog.log(DirectJDKLog.java:173) org.apache.catalina.core.StandardService - Starting service [Tomcat]
[2022-03-16 14:20:00.156] [INFO ] org.apache.juli.logging.DirectJDKLog.log(DirectJDKLog.java:173) org.apache.catalina.core.StandardEngine - Starting Servlet engine: [Apache Tomcat/9.0.54]
[2022-03-16 14:20:00.440] [INFO ] org.apache.juli.logging.DirectJDKLog.log(DirectJDKLog.java:173) org.apache.catalina.core.ContainerBase.[Tomcat].[localhost].[/] - Initializing Spring embedded WebApplicationContext
[2022-03-16 14:20:00.441] [INFO ] org.springframework.boot.web.servlet.context.ServletWebServerApplicationContext.prepareWebApplicationContext(ServletWebServerApplicationContext.java:290) org.springframework.boot.web.servlet.context.ServletWebServerApplicationContext - Root WebApplicationContext: initialization completed in 4429 ms
[2022-03-16 14:20:00.664] [INFO ] com.alibaba.druid.spring.boot.autoconfigure.DruidDataSourceAutoConfigure.dataSource(DruidDataSourceAutoConfigure.java:56) com.alibaba.druid.spring.boot.autoconfigure.DruidDataSourceAutoConfigure - Init DruidDataSource
[2022-03-16 14:20:01.170] [INFO ] com.alibaba.druid.pool.DruidDataSource.init(DruidDataSource.java:994) com.alibaba.druid.pool.DruidDataSource - {dataSource-1} inited
[2022-03-16 14:20:02.844] [INFO ] org.springframework.beans.factory.annotation.AutowiredAnnotationBeanPostProcessor.lambda$buildAutowiringMetadata$1(AutowiredAnnotationBeanPostProcessor.java:478) org.springframework.beans.factory.annotation.AutowiredAnnotationBeanPostProcessor - Autowired annotation is not supported on static fields: private static final org.slf4j.Logger com.bnuz.electronic_supermarket.user.service.implement.UserServiceImpl.LOGGER
[2022-03-16 14:20:03.538] [INFO ] org.springframework.boot.devtools.autoconfigure.OptionalLiveReloadServer.startServer(OptionalLiveReloadServer.java:58) org.springframework.boot.devtools.autoconfigure.OptionalLiveReloadServer - LiveReload server is running on port 35729
[2022-03-16 14:20:06.127] [INFO ] org.springframework.data.elasticsearch.support.VersionInfo.logVersions(VersionInfo.java:62) org.springframework.data.elasticsearch.support.VersionInfo - Version Spring Data Elasticsearch: 4.2.6
[2022-03-16 14:20:06.127] [INFO ] org.springframework.data.elasticsearch.support.VersionInfo.logVersions(VersionInfo.java:63) org.springframework.data.elasticsearch.support.VersionInfo - Version Elasticsearch Client in build: 7.12.1
[2022-03-16 14:20:06.128] [INFO ] org.springframework.data.elasticsearch.support.VersionInfo.logVersions(VersionInfo.java:64) org.springframework.data.elasticsearch.support.VersionInfo - Version Elasticsearch Client used: 7.12.1
[2022-03-16 14:20:06.891] [INFO ] org.apache.juli.logging.DirectJDKLog.log(DirectJDKLog.java:173) org.apache.coyote.http11.Http11NioProtocol - Starting ProtocolHandler ["http-nio-8099"]
[2022-03-16 14:20:06.902] [INFO ] org.springframework.boot.web.embedded.tomcat.TomcatWebServer.start(TomcatWebServer.java:220) org.springframework.boot.web.embedded.tomcat.TomcatWebServer - Tomcat started on port(s): 8099 (http) with context path ''
[2022-03-16 14:20:07.092] [WARN ] springfox.documentation.swagger.readers.operation.OperationImplicitParameterReader.modelSpecification(OperationImplicitParameterReader.java:170) springfox.documentation.swagger.readers.operation.OperationImplicitParameterReader - Unable to interpret the implicit parameter configuration with dataType: , dataTypeClass: class java.lang.Void
[2022-03-16 14:20:07.095] [WARN ] springfox.documentation.swagger.readers.operation.OperationImplicitParameterReader.modelSpecification(OperationImplicitParameterReader.java:170) springfox.documentation.swagger.readers.operation.OperationImplicitParameterReader - Unable to interpret the implicit parameter configuration with dataType: , dataTypeClass: class java.lang.Void
[2022-03-16 14:20:07.126] [WARN ] springfox.documentation.swagger.readers.operation.OperationImplicitParameterReader.modelSpecification(OperationImplicitParameterReader.java:170) springfox.documentation.swagger.readers.operation.OperationImplicitParameterReader - Unable to interpret the implicit parameter configuration with dataType: String, dataTypeClass: class java.lang.Void
[2022-03-16 14:20:07.127] [WARN ] springfox.documentation.swagger.readers.operation.OperationImplicitParameterReader.modelSpecification(OperationImplicitParameterReader.java:170) springfox.documentation.swagger.readers.operation.OperationImplicitParameterReader - Unable to interpret the implicit parameter configuration with dataType: , dataTypeClass: class java.lang.Void
[2022-03-16 14:20:07.206] [WARN ] springfox.documentation.swagger.readers.operation.OperationImplicitParameterReader.modelSpecification(OperationImplicitParameterReader.java:170) springfox.documentation.swagger.readers.operation.OperationImplicitParameterReader - Unable to interpret the implicit parameter configuration with dataType: , dataTypeClass: class java.lang.Void
[2022-03-16 14:20:07.207] [WARN ] springfox.documentation.swagger.readers.operation.OperationImplicitParameterReader.modelSpecification(OperationImplicitParameterReader.java:170) springfox.documentation.swagger.readers.operation.OperationImplicitParameterReader - Unable to interpret the implicit parameter configuration with dataType: , dataTypeClass: class java.lang.Void
[2022-03-16 14:20:07.216] [WARN ] springfox.documentation.swagger.readers.operation.OperationImplicitParameterReader.modelSpecification(OperationImplicitParameterReader.java:170) springfox.documentation.swagger.readers.operation.OperationImplicitParameterReader - Unable to interpret the implicit parameter configuration with dataType: String, dataTypeClass: class java.lang.Void
[2022-03-16 14:20:07.216] [WARN ] springfox.documentation.swagger.readers.operation.OperationImplicitParameterReader.modelSpecification(OperationImplicitParameterReader.java:170) springfox.documentation.swagger.readers.operation.OperationImplicitParameterReader - Unable to interpret the implicit parameter configuration with dataType: , dataTypeClass: class java.lang.Void
[2022-03-16 14:20:07.267] [WARN ] springfox.documentation.swagger.readers.operation.OperationImplicitParameterReader.modelSpecification(OperationImplicitParameterReader.java:170) springfox.documentation.swagger.readers.operation.OperationImplicitParameterReader - Unable to interpret the implicit parameter configuration with dataType: , dataTypeClass: class java.lang.Void
[2022-03-16 14:20:07.267] [WARN ] springfox.documentation.swagger.readers.operation.OperationImplicitParameterReader.modelSpecification(OperationImplicitParameterReader.java:170) springfox.documentation.swagger.readers.operation.OperationImplicitParameterReader - Unable to interpret the implicit parameter configuration with dataType: , dataTypeClass: class java.lang.Void
[2022-03-16 14:20:07.278] [WARN ] springfox.documentation.swagger.readers.operation.OperationImplicitParameterReader.modelSpecification(OperationImplicitParameterReader.java:170) springfox.documentation.swagger.readers.operation.OperationImplicitParameterReader - Unable to interpret the implicit parameter configuration with dataType: , dataTypeClass: class java.lang.Void
[2022-03-16 14:20:07.278] [WARN ] springfox.documentation.swagger.readers.operation.OperationImplicitParameterReader.modelSpecification(OperationImplicitParameterReader.java:170) springfox.documentation.swagger.readers.operation.OperationImplicitParameterReader - Unable to interpret the implicit parameter configuration with dataType: , dataTypeClass: class java.lang.Void
[2022-03-16 14:20:07.323] [WARN ] springfox.documentation.swagger.readers.operation.OperationImplicitParameterReader.modelSpecification(OperationImplicitParameterReader.java:170) springfox.documentation.swagger.readers.operation.OperationImplicitParameterReader - Unable to interpret the implicit parameter configuration with dataType: , dataTypeClass: class java.lang.Void
[2022-03-16 14:20:07.358] [INFO ] org.springframework.boot.StartupInfoLogger.logStarted(StartupInfoLogger.java:61) com.bnuz.electronic_supermarket.ElectronicSupermarketApplication - Started ElectronicSupermarketApplication in 12.182 seconds (JVM running for 15.938)
[2022-03-16 14:20:11.500] [INFO ] org.apache.juli.logging.DirectJDKLog.log(DirectJDKLog.java:173) org.apache.catalina.core.ContainerBase.[Tomcat].[localhost].[/] - Initializing Spring DispatcherServlet 'dispatcherServlet'
[2022-03-16 14:20:11.501] [INFO ] org.springframework.web.servlet.FrameworkServlet.initServletBean(FrameworkServlet.java:525) org.springframework.web.servlet.DispatcherServlet - Initializing Servlet 'dispatcherServlet'
[2022-03-16 14:20:11.503] [INFO ] org.springframework.web.servlet.FrameworkServlet.initServletBean(FrameworkServlet.java:547) org.springframework.web.servlet.DispatcherServlet - Completed initialization in 2 ms
[2022-03-16 14:27:55.424] [INFO ] com.alibaba.druid.pool.DruidDataSource.close(DruidDataSource.java:2029) com.alibaba.druid.pool.DruidDataSource - {dataSource-1} closing ...
[2022-03-16 14:27:55.434] [INFO ] com.alibaba.druid.pool.DruidDataSource.close(DruidDataSource.java:2101) com.alibaba.druid.pool.DruidDataSource - {dataSource-1} closed
[2022-03-16 14:27:55.903] [INFO ] org.springframework.boot.StartupInfoLogger.logStarting(StartupInfoLogger.java:55) com.bnuz.electronic_supermarket.ElectronicSupermarketApplication - Starting ElectronicSupermarketApplication using Java 1.8.0_251 on LAPTOP-T0L5AU5O with PID 14892 (D:\SeniorCourse\毕业设计\毕设作品电子商城\target\classes started by AEO WUGUOZHI in D:\SeniorCourse\毕业设计\毕设作品电子商城)
[2022-03-16 14:27:55.904] [INFO ] org.springframework.boot.SpringApplication.logStartupProfileInfo(SpringApplication.java:659) com.bnuz.electronic_supermarket.ElectronicSupermarketApplication - No active profile set, falling back to default profiles: default
[2022-03-16 14:27:56.791] [INFO ] org.springframework.data.repository.config.RepositoryConfigurationDelegate.multipleStoresDetected(RepositoryConfigurationDelegate.java:262) org.springframework.data.repository.config.RepositoryConfigurationDelegate - Multiple Spring Data modules found, entering strict repository configuration mode!
[2022-03-16 14:27:56.791] [INFO ] org.springframework.data.repository.config.RepositoryConfigurationDelegate.registerRepositoriesIn(RepositoryConfigurationDelegate.java:132) org.springframework.data.repository.config.RepositoryConfigurationDelegate - Bootstrapping Spring Data Elasticsearch repositories in DEFAULT mode.
[2022-03-16 14:27:56.835] [INFO ] org.springframework.data.repository.config.RepositoryConfigurationDelegate.registerRepositoriesIn(RepositoryConfigurationDelegate.java:201) org.springframework.data.repository.config.RepositoryConfigurationDelegate - Finished Spring Data repository scanning in 43 ms. Found 0 Elasticsearch repository interfaces.
[2022-03-16 14:27:56.836] [INFO ] org.springframework.data.repository.config.RepositoryConfigurationDelegate.multipleStoresDetected(RepositoryConfigurationDelegate.java:262) org.springframework.data.repository.config.RepositoryConfigurationDelegate - Multiple Spring Data modules found, entering strict repository configuration mode!
[2022-03-16 14:27:56.836] [INFO ] org.springframework.data.repository.config.RepositoryConfigurationDelegate.registerRepositoriesIn(RepositoryConfigurationDelegate.java:132) org.springframework.data.repository.config.RepositoryConfigurationDelegate - Bootstrapping Spring Data Reactive Elasticsearch repositories in DEFAULT mode.
[2022-03-16 14:27:56.854] [INFO ] org.springframework.data.repository.config.RepositoryConfigurationDelegate.registerRepositoriesIn(RepositoryConfigurationDelegate.java:201) org.springframework.data.repository.config.RepositoryConfigurationDelegate - Finished Spring Data repository scanning in 17 ms. Found 0 Reactive Elasticsearch repository interfaces.
[2022-03-16 14:27:56.864] [INFO ] org.springframework.data.repository.config.RepositoryConfigurationDelegate.multipleStoresDetected(RepositoryConfigurationDelegate.java:262) org.springframework.data.repository.config.RepositoryConfigurationDelegate - Multiple Spring Data modules found, entering strict repository configuration mode!
[2022-03-16 14:27:56.864] [INFO ] org.springframework.data.repository.config.RepositoryConfigurationDelegate.registerRepositoriesIn(RepositoryConfigurationDelegate.java:132) org.springframework.data.repository.config.RepositoryConfigurationDelegate - Bootstrapping Spring Data JDBC repositories in DEFAULT mode.
[2022-03-16 14:27:56.883] [INFO ] org.springframework.data.repository.config.RepositoryConfigurationDelegate.registerRepositoriesIn(RepositoryConfigurationDelegate.java:201) org.springframework.data.repository.config.RepositoryConfigurationDelegate - Finished Spring Data repository scanning in 18 ms. Found 0 JDBC repository interfaces.
[2022-03-16 14:27:56.887] [INFO ] org.springframework.data.repository.config.RepositoryConfigurationDelegate.multipleStoresDetected(RepositoryConfigurationDelegate.java:262) org.springframework.data.repository.config.RepositoryConfigurationDelegate - Multiple Spring Data modules found, entering strict repository configuration mode!
[2022-03-16 14:27:56.887] [INFO ] org.springframework.data.repository.config.RepositoryConfigurationDelegate.registerRepositoriesIn(RepositoryConfigurationDelegate.java:132) org.springframework.data.repository.config.RepositoryConfigurationDelegate - Bootstrapping Spring Data Redis repositories in DEFAULT mode.
[2022-03-16 14:27:56.909] [INFO ] org.springframework.data.repository.config.RepositoryConfigurationDelegate.registerRepositoriesIn(RepositoryConfigurationDelegate.java:201) org.springframework.data.repository.config.RepositoryConfigurationDelegate - Finished Spring Data repository scanning in 21 ms. Found 0 Redis repository interfaces.
[2022-03-16 14:27:57.352] [INFO ] org.springframework.boot.web.embedded.tomcat.TomcatWebServer.initialize(TomcatWebServer.java:108) org.springframework.boot.web.embedded.tomcat.TomcatWebServer - Tomcat initialized with port(s): 8099 (http)
[2022-03-16 14:27:57.353] [INFO ] org.apache.juli.logging.DirectJDKLog.log(DirectJDKLog.java:173) org.apache.coyote.http11.Http11NioProtocol - Initializing ProtocolHandler ["http-nio-8099"]
[2022-03-16 14:27:57.354] [INFO ] org.apache.juli.logging.DirectJDKLog.log(DirectJDKLog.java:173) org.apache.catalina.core.StandardService - Starting service [Tomcat]
[2022-03-16 14:27:57.354] [INFO ] org.apache.juli.logging.DirectJDKLog.log(DirectJDKLog.java:173) org.apache.catalina.core.StandardEngine - Starting Servlet engine: [Apache Tomcat/9.0.54]
[2022-03-16 14:27:57.420] [INFO ] org.apache.juli.logging.DirectJDKLog.log(DirectJDKLog.java:173) org.apache.catalina.core.ContainerBase.[Tomcat].[localhost].[/] - Initializing Spring embedded WebApplicationContext
[2022-03-16 14:27:57.420] [INFO ] org.springframework.boot.web.servlet.context.ServletWebServerApplicationContext.prepareWebApplicationContext(ServletWebServerApplicationContext.java:290) org.springframework.boot.web.servlet.context.ServletWebServerApplicationContext - Root WebApplicationContext: initialization completed in 1510 ms
[2022-03-16 14:27:57.462] [WARN ] org.springframework.context.support.AbstractApplicationContext.refresh(AbstractApplicationContext.java:591) org.springframework.boot.web.servlet.context.AnnotationConfigServletWebServerApplicationContext - Exception encountered during context initialization - cancelling refresh attempt: org.springframework.beans.factory.UnsatisfiedDependencyException: Error creating bean with name 'businessmanController': Unsatisfied dependency expressed through field 'businessmanService'; nested exception is org.springframework.beans.factory.NoSuchBeanDefinitionException: No qualifying bean of type 'com.bnuz.electronic_supermarket.businessman.service.BusinessmanService' available: expected at least 1 bean which qualifies as autowire candidate. Dependency annotations: {@org.springframework.beans.factory.annotation.Autowired(required=true)}
[2022-03-16 14:27:57.463] [INFO ] org.apache.juli.logging.DirectJDKLog.log(DirectJDKLog.java:173) org.apache.catalina.core.StandardService - Stopping service [Tomcat]
[2022-03-16 14:27:57.615] [ERROR] org.springframework.boot.diagnostics.LoggingFailureAnalysisReporter.report(LoggingFailureAnalysisReporter.java:40) org.springframework.boot.diagnostics.LoggingFailureAnalysisReporter - 

***************************
APPLICATION FAILED TO START
***************************

Description:

Field businessmanService in com.bnuz.electronic_supermarket.businessman.controller.BusinessmanController required a bean of type 'com.bnuz.electronic_supermarket.businessman.service.BusinessmanService' that could not be found.

The injection point has the following annotations:
	- @org.springframework.beans.factory.annotation.Autowired(required=true)


Action:

Consider defining a bean of type 'com.bnuz.electronic_supermarket.businessman.service.BusinessmanService' in your configuration.

[2022-03-16 14:27:59.189] [INFO ] org.springframework.boot.StartupInfoLogger.logStarting(StartupInfoLogger.java:55) com.bnuz.electronic_supermarket.ElectronicSupermarketApplication - Starting ElectronicSupermarketApplication using Java 1.8.0_251 on LAPTOP-T0L5AU5O with PID 14892 (D:\SeniorCourse\毕业设计\毕设作品电子商城\target\classes started by AEO WUGUOZHI in D:\SeniorCourse\毕业设计\毕设作品电子商城)
[2022-03-16 14:27:59.190] [INFO ] org.springframework.boot.SpringApplication.logStartupProfileInfo(SpringApplication.java:659) com.bnuz.electronic_supermarket.ElectronicSupermarketApplication - No active profile set, falling back to default profiles: default
[2022-03-16 14:27:59.883] [INFO ] org.springframework.data.repository.config.RepositoryConfigurationDelegate.multipleStoresDetected(RepositoryConfigurationDelegate.java:262) org.springframework.data.repository.config.RepositoryConfigurationDelegate - Multiple Spring Data modules found, entering strict repository configuration mode!
[2022-03-16 14:27:59.883] [INFO ] org.springframework.data.repository.config.RepositoryConfigurationDelegate.registerRepositoriesIn(RepositoryConfigurationDelegate.java:132) org.springframework.data.repository.config.RepositoryConfigurationDelegate - Bootstrapping Spring Data Elasticsearch repositories in DEFAULT mode.
[2022-03-16 14:27:59.906] [INFO ] org.springframework.data.repository.config.RepositoryConfigurationDelegate.registerRepositoriesIn(RepositoryConfigurationDelegate.java:201) org.springframework.data.repository.config.RepositoryConfigurationDelegate - Finished Spring Data repository scanning in 21 ms. Found 0 Elasticsearch repository interfaces.
[2022-03-16 14:27:59.907] [INFO ] org.springframework.data.repository.config.RepositoryConfigurationDelegate.multipleStoresDetected(RepositoryConfigurationDelegate.java:262) org.springframework.data.repository.config.RepositoryConfigurationDelegate - Multiple Spring Data modules found, entering strict repository configuration mode!
[2022-03-16 14:27:59.907] [INFO ] org.springframework.data.repository.config.RepositoryConfigurationDelegate.registerRepositoriesIn(RepositoryConfigurationDelegate.java:132) org.springframework.data.repository.config.RepositoryConfigurationDelegate - Bootstrapping Spring Data Reactive Elasticsearch repositories in DEFAULT mode.
[2022-03-16 14:27:59.925] [INFO ] org.springframework.data.repository.config.RepositoryConfigurationDelegate.registerRepositoriesIn(RepositoryConfigurationDelegate.java:201) org.springframework.data.repository.config.RepositoryConfigurationDelegate - Finished Spring Data repository scanning in 16 ms. Found 0 Reactive Elasticsearch repository interfaces.
[2022-03-16 14:27:59.931] [INFO ] org.springframework.data.repository.config.RepositoryConfigurationDelegate.multipleStoresDetected(RepositoryConfigurationDelegate.java:262) org.springframework.data.repository.config.RepositoryConfigurationDelegate - Multiple Spring Data modules found, entering strict repository configuration mode!
[2022-03-16 14:27:59.931] [INFO ] org.springframework.data.repository.config.RepositoryConfigurationDelegate.registerRepositoriesIn(RepositoryConfigurationDelegate.java:132) org.springframework.data.repository.config.RepositoryConfigurationDelegate - Bootstrapping Spring Data JDBC repositories in DEFAULT mode.
[2022-03-16 14:27:59.945] [INFO ] org.springframework.data.repository.config.RepositoryConfigurationDelegate.registerRepositoriesIn(RepositoryConfigurationDelegate.java:201) org.springframework.data.repository.config.RepositoryConfigurationDelegate - Finished Spring Data repository scanning in 14 ms. Found 0 JDBC repository interfaces.
[2022-03-16 14:27:59.948] [INFO ] org.springframework.data.repository.config.RepositoryConfigurationDelegate.multipleStoresDetected(RepositoryConfigurationDelegate.java:262) org.springframework.data.repository.config.RepositoryConfigurationDelegate - Multiple Spring Data modules found, entering strict repository configuration mode!
[2022-03-16 14:27:59.948] [INFO ] org.springframework.data.repository.config.RepositoryConfigurationDelegate.registerRepositoriesIn(RepositoryConfigurationDelegate.java:132) org.springframework.data.repository.config.RepositoryConfigurationDelegate - Bootstrapping Spring Data Redis repositories in DEFAULT mode.
[2022-03-16 14:27:59.963] [INFO ] org.springframework.data.repository.config.RepositoryConfigurationDelegate.registerRepositoriesIn(RepositoryConfigurationDelegate.java:201) org.springframework.data.repository.config.RepositoryConfigurationDelegate - Finished Spring Data repository scanning in 14 ms. Found 0 Redis repository interfaces.
[2022-03-16 14:28:00.107] [INFO ] org.springframework.boot.web.embedded.tomcat.TomcatWebServer.initialize(TomcatWebServer.java:108) org.springframework.boot.web.embedded.tomcat.TomcatWebServer - Tomcat initialized with port(s): 8099 (http)
[2022-03-16 14:28:00.108] [INFO ] org.apache.juli.logging.DirectJDKLog.log(DirectJDKLog.java:173) org.apache.coyote.http11.Http11NioProtocol - Initializing ProtocolHandler ["http-nio-8099"]
[2022-03-16 14:28:00.108] [INFO ] org.apache.juli.logging.DirectJDKLog.log(DirectJDKLog.java:173) org.apache.catalina.core.StandardService - Starting service [Tomcat]
[2022-03-16 14:28:00.108] [INFO ] org.apache.juli.logging.DirectJDKLog.log(DirectJDKLog.java:173) org.apache.catalina.core.StandardEngine - Starting Servlet engine: [Apache Tomcat/9.0.54]
[2022-03-16 14:28:00.312] [INFO ] org.apache.juli.logging.DirectJDKLog.log(DirectJDKLog.java:173) org.apache.catalina.core.ContainerBase.[Tomcat-1].[localhost].[/] - Initializing Spring embedded WebApplicationContext
[2022-03-16 14:28:00.313] [INFO ] org.springframework.boot.web.servlet.context.ServletWebServerApplicationContext.prepareWebApplicationContext(ServletWebServerApplicationContext.java:290) org.springframework.boot.web.servlet.context.ServletWebServerApplicationContext - Root WebApplicationContext: initialization completed in 1118 ms
[2022-03-16 14:28:00.351] [INFO ] com.alibaba.druid.spring.boot.autoconfigure.DruidDataSourceAutoConfigure.dataSource(DruidDataSourceAutoConfigure.java:56) com.alibaba.druid.spring.boot.autoconfigure.DruidDataSourceAutoConfigure - Init DruidDataSource
[2022-03-16 14:28:00.448] [INFO ] com.alibaba.druid.pool.DruidDataSource.init(DruidDataSource.java:994) com.alibaba.druid.pool.DruidDataSource - {dataSource-2} inited
[2022-03-16 14:28:01.047] [INFO ] org.springframework.beans.factory.annotation.AutowiredAnnotationBeanPostProcessor.lambda$buildAutowiringMetadata$1(AutowiredAnnotationBeanPostProcessor.java:478) org.springframework.beans.factory.annotation.AutowiredAnnotationBeanPostProcessor - Autowired annotation is not supported on static fields: private static final org.slf4j.Logger com.bnuz.electronic_supermarket.user.service.implement.UserServiceImpl.LOGGER
[2022-03-16 14:28:01.303] [INFO ] org.springframework.boot.devtools.autoconfigure.OptionalLiveReloadServer.startServer(OptionalLiveReloadServer.java:58) org.springframework.boot.devtools.autoconfigure.OptionalLiveReloadServer - LiveReload server is running on port 35729
[2022-03-16 14:28:02.516] [INFO ] org.apache.juli.logging.DirectJDKLog.log(DirectJDKLog.java:173) org.apache.coyote.http11.Http11NioProtocol - Starting ProtocolHandler ["http-nio-8099"]
[2022-03-16 14:28:02.518] [INFO ] org.springframework.boot.web.embedded.tomcat.TomcatWebServer.start(TomcatWebServer.java:220) org.springframework.boot.web.embedded.tomcat.TomcatWebServer - Tomcat started on port(s): 8099 (http) with context path ''
[2022-03-16 14:28:02.545] [WARN ] springfox.documentation.swagger.readers.operation.OperationImplicitParameterReader.modelSpecification(OperationImplicitParameterReader.java:170) springfox.documentation.swagger.readers.operation.OperationImplicitParameterReader - Unable to interpret the implicit parameter configuration with dataType: , dataTypeClass: class java.lang.Void
[2022-03-16 14:28:02.546] [WARN ] springfox.documentation.swagger.readers.operation.OperationImplicitParameterReader.modelSpecification(OperationImplicitParameterReader.java:170) springfox.documentation.swagger.readers.operation.OperationImplicitParameterReader - Unable to interpret the implicit parameter configuration with dataType: , dataTypeClass: class java.lang.Void
[2022-03-16 14:28:02.552] [WARN ] springfox.documentation.swagger.readers.operation.OperationImplicitParameterReader.modelSpecification(OperationImplicitParameterReader.java:170) springfox.documentation.swagger.readers.operation.OperationImplicitParameterReader - Unable to interpret the implicit parameter configuration with dataType: String, dataTypeClass: class java.lang.Void
[2022-03-16 14:28:02.553] [WARN ] springfox.documentation.swagger.readers.operation.OperationImplicitParameterReader.modelSpecification(OperationImplicitParameterReader.java:170) springfox.documentation.swagger.readers.operation.OperationImplicitParameterReader - Unable to interpret the implicit parameter configuration with dataType: , dataTypeClass: class java.lang.Void
[2022-03-16 14:28:02.599] [WARN ] springfox.documentation.swagger.readers.operation.OperationImplicitParameterReader.modelSpecification(OperationImplicitParameterReader.java:170) springfox.documentation.swagger.readers.operation.OperationImplicitParameterReader - Unable to interpret the implicit parameter configuration with dataType: , dataTypeClass: class java.lang.Void
[2022-03-16 14:28:02.599] [WARN ] springfox.documentation.swagger.readers.operation.OperationImplicitParameterReader.modelSpecification(OperationImplicitParameterReader.java:170) springfox.documentation.swagger.readers.operation.OperationImplicitParameterReader - Unable to interpret the implicit parameter configuration with dataType: , dataTypeClass: class java.lang.Void
[2022-03-16 14:28:02.605] [WARN ] springfox.documentation.swagger.readers.operation.OperationImplicitParameterReader.modelSpecification(OperationImplicitParameterReader.java:170) springfox.documentation.swagger.readers.operation.OperationImplicitParameterReader - Unable to interpret the implicit parameter configuration with dataType: String, dataTypeClass: class java.lang.Void
[2022-03-16 14:28:02.606] [WARN ] springfox.documentation.swagger.readers.operation.OperationImplicitParameterReader.modelSpecification(OperationImplicitParameterReader.java:170) springfox.documentation.swagger.readers.operation.OperationImplicitParameterReader - Unable to interpret the implicit parameter configuration with dataType: , dataTypeClass: class java.lang.Void
[2022-03-16 14:28:02.635] [WARN ] springfox.documentation.swagger.readers.operation.OperationImplicitParameterReader.modelSpecification(OperationImplicitParameterReader.java:170) springfox.documentation.swagger.readers.operation.OperationImplicitParameterReader - Unable to interpret the implicit parameter configuration with dataType: , dataTypeClass: class java.lang.Void
[2022-03-16 14:28:02.635] [WARN ] springfox.documentation.swagger.readers.operation.OperationImplicitParameterReader.modelSpecification(OperationImplicitParameterReader.java:170) springfox.documentation.swagger.readers.operation.OperationImplicitParameterReader - Unable to interpret the implicit parameter configuration with dataType: , dataTypeClass: class java.lang.Void
[2022-03-16 14:28:02.641] [WARN ] springfox.documentation.swagger.readers.operation.OperationImplicitParameterReader.modelSpecification(OperationImplicitParameterReader.java:170) springfox.documentation.swagger.readers.operation.OperationImplicitParameterReader - Unable to interpret the implicit parameter configuration with dataType: , dataTypeClass: class java.lang.Void
[2022-03-16 14:28:02.642] [WARN ] springfox.documentation.swagger.readers.operation.OperationImplicitParameterReader.modelSpecification(OperationImplicitParameterReader.java:170) springfox.documentation.swagger.readers.operation.OperationImplicitParameterReader - Unable to interpret the implicit parameter configuration with dataType: , dataTypeClass: class java.lang.Void
[2022-03-16 14:28:02.677] [WARN ] springfox.documentation.swagger.readers.operation.OperationImplicitParameterReader.modelSpecification(OperationImplicitParameterReader.java:170) springfox.documentation.swagger.readers.operation.OperationImplicitParameterReader - Unable to interpret the implicit parameter configuration with dataType: , dataTypeClass: class java.lang.Void
[2022-03-16 14:28:02.696] [INFO ] org.springframework.boot.StartupInfoLogger.logStarted(StartupInfoLogger.java:61) com.bnuz.electronic_supermarket.ElectronicSupermarketApplication - Started ElectronicSupermarketApplication in 3.578 seconds (JVM running for 491.276)
[2022-03-16 14:28:02.700] [INFO ] org.springframework.boot.devtools.autoconfigure.ConditionEvaluationDeltaLoggingListener.onApplicationEvent(ConditionEvaluationDeltaLoggingListener.java:63) org.springframework.boot.devtools.autoconfigure.ConditionEvaluationDeltaLoggingListener - Condition evaluation unchanged
[2022-03-16 14:28:04.738] [INFO ] org.apache.juli.logging.DirectJDKLog.log(DirectJDKLog.java:173) org.apache.catalina.core.ContainerBase.[Tomcat-1].[localhost].[/] - Initializing Spring DispatcherServlet 'dispatcherServlet'
[2022-03-16 14:28:04.738] [INFO ] org.springframework.web.servlet.FrameworkServlet.initServletBean(FrameworkServlet.java:525) org.springframework.web.servlet.DispatcherServlet - Initializing Servlet 'dispatcherServlet'
[2022-03-16 14:28:04.741] [INFO ] org.springframework.web.servlet.FrameworkServlet.initServletBean(FrameworkServlet.java:547) org.springframework.web.servlet.DispatcherServlet - Completed initialization in 3 ms
