[2022-03-19 11:59:31.365] [INFO ] org.springframework.boot.StartupInfoLogger.logStarting(StartupInfoLogger.java:55) com.bnuz.electronic_supermarket.ElectronicSupermarketApplication - Starting ElectronicSupermarketApplication using Java 1.8.0_251 on LAPTOP-T0L5AU5O with PID 16028 (D:\SeniorCourse\毕业设计\毕设作品电子商城\target\classes started by AEO WUGUOZHI in D:\SeniorCourse\毕业设计\毕设作品电子商城)
[2022-03-19 11:59:31.372] [INFO ] org.springframework.boot.SpringApplication.logStartupProfileInfo(SpringApplication.java:659) com.bnuz.electronic_supermarket.ElectronicSupermarketApplication - No active profile set, falling back to default profiles: default
[2022-03-19 11:59:31.452] [INFO ] org.springframework.boot.logging.DeferredLog.logTo(DeferredLog.java:255) org.springframework.boot.devtools.env.DevToolsPropertyDefaultsPostProcessor - Devtools property defaults active! Set 'spring.devtools.add-properties' to 'false' to disable
[2022-03-19 11:59:31.453] [INFO ] org.springframework.boot.logging.DeferredLog.logTo(DeferredLog.java:255) org.springframework.boot.devtools.env.DevToolsPropertyDefaultsPostProcessor - For additional web related logging consider setting the 'logging.level.web' property to 'DEBUG'
[2022-03-19 11:59:32.870] [INFO ] org.springframework.data.repository.config.RepositoryConfigurationDelegate.multipleStoresDetected(RepositoryConfigurationDelegate.java:262) org.springframework.data.repository.config.RepositoryConfigurationDelegate - Multiple Spring Data modules found, entering strict repository configuration mode!
[2022-03-19 11:59:32.872] [INFO ] org.springframework.data.repository.config.RepositoryConfigurationDelegate.registerRepositoriesIn(RepositoryConfigurationDelegate.java:132) org.springframework.data.repository.config.RepositoryConfigurationDelegate - Bootstrapping Spring Data Elasticsearch repositories in DEFAULT mode.
[2022-03-19 11:59:32.916] [INFO ] org.springframework.data.repository.config.RepositoryConfigurationDelegate.registerRepositoriesIn(RepositoryConfigurationDelegate.java:201) org.springframework.data.repository.config.RepositoryConfigurationDelegate - Finished Spring Data repository scanning in 37 ms. Found 0 Elasticsearch repository interfaces.
[2022-03-19 11:59:32.920] [INFO ] org.springframework.data.repository.config.RepositoryConfigurationDelegate.multipleStoresDetected(RepositoryConfigurationDelegate.java:262) org.springframework.data.repository.config.RepositoryConfigurationDelegate - Multiple Spring Data modules found, entering strict repository configuration mode!
[2022-03-19 11:59:32.920] [INFO ] org.springframework.data.repository.config.RepositoryConfigurationDelegate.registerRepositoriesIn(RepositoryConfigurationDelegate.java:132) org.springframework.data.repository.config.RepositoryConfigurationDelegate - Bootstrapping Spring Data Reactive Elasticsearch repositories in DEFAULT mode.
[2022-03-19 11:59:32.949] [INFO ] org.springframework.data.repository.config.RepositoryConfigurationDelegate.registerRepositoriesIn(RepositoryConfigurationDelegate.java:201) org.springframework.data.repository.config.RepositoryConfigurationDelegate - Finished Spring Data repository scanning in 28 ms. Found 0 Reactive Elasticsearch repository interfaces.
[2022-03-19 11:59:32.972] [INFO ] org.springframework.data.repository.config.RepositoryConfigurationDelegate.multipleStoresDetected(RepositoryConfigurationDelegate.java:262) org.springframework.data.repository.config.RepositoryConfigurationDelegate - Multiple Spring Data modules found, entering strict repository configuration mode!
[2022-03-19 11:59:32.972] [INFO ] org.springframework.data.repository.config.RepositoryConfigurationDelegate.registerRepositoriesIn(RepositoryConfigurationDelegate.java:132) org.springframework.data.repository.config.RepositoryConfigurationDelegate - Bootstrapping Spring Data JDBC repositories in DEFAULT mode.
[2022-03-19 11:59:33.009] [INFO ] org.springframework.data.repository.config.RepositoryConfigurationDelegate.registerRepositoriesIn(RepositoryConfigurationDelegate.java:201) org.springframework.data.repository.config.RepositoryConfigurationDelegate - Finished Spring Data repository scanning in 36 ms. Found 0 JDBC repository interfaces.
[2022-03-19 11:59:33.025] [INFO ] org.springframework.data.repository.config.RepositoryConfigurationDelegate.multipleStoresDetected(RepositoryConfigurationDelegate.java:262) org.springframework.data.repository.config.RepositoryConfigurationDelegate - Multiple Spring Data modules found, entering strict repository configuration mode!
[2022-03-19 11:59:33.027] [INFO ] org.springframework.data.repository.config.RepositoryConfigurationDelegate.registerRepositoriesIn(RepositoryConfigurationDelegate.java:132) org.springframework.data.repository.config.RepositoryConfigurationDelegate - Bootstrapping Spring Data Redis repositories in DEFAULT mode.
[2022-03-19 11:59:33.069] [INFO ] org.springframework.data.repository.config.RepositoryConfigurationDelegate.registerRepositoriesIn(RepositoryConfigurationDelegate.java:201) org.springframework.data.repository.config.RepositoryConfigurationDelegate - Finished Spring Data repository scanning in 31 ms. Found 0 Redis repository interfaces.
[2022-03-19 11:59:34.092] [INFO ] org.springframework.boot.web.embedded.tomcat.TomcatWebServer.initialize(TomcatWebServer.java:108) org.springframework.boot.web.embedded.tomcat.TomcatWebServer - Tomcat initialized with port(s): 8099 (http)
[2022-03-19 11:59:34.103] [INFO ] org.apache.juli.logging.DirectJDKLog.log(DirectJDKLog.java:173) org.apache.coyote.http11.Http11NioProtocol - Initializing ProtocolHandler ["http-nio-8099"]
[2022-03-19 11:59:34.103] [INFO ] org.apache.juli.logging.DirectJDKLog.log(DirectJDKLog.java:173) org.apache.catalina.core.StandardService - Starting service [Tomcat]
[2022-03-19 11:59:34.104] [INFO ] org.apache.juli.logging.DirectJDKLog.log(DirectJDKLog.java:173) org.apache.catalina.core.StandardEngine - Starting Servlet engine: [Apache Tomcat/9.0.54]
[2022-03-19 11:59:34.272] [INFO ] org.apache.juli.logging.DirectJDKLog.log(DirectJDKLog.java:173) org.apache.catalina.core.ContainerBase.[Tomcat].[localhost].[/] - Initializing Spring embedded WebApplicationContext
[2022-03-19 11:59:34.272] [INFO ] org.springframework.boot.web.servlet.context.ServletWebServerApplicationContext.prepareWebApplicationContext(ServletWebServerApplicationContext.java:290) org.springframework.boot.web.servlet.context.ServletWebServerApplicationContext - Root WebApplicationContext: initialization completed in 2818 ms
[2022-03-19 11:59:34.389] [INFO ] org.springframework.beans.factory.annotation.AutowiredAnnotationBeanPostProcessor.lambda$buildAutowiringMetadata$1(AutowiredAnnotationBeanPostProcessor.java:478) org.springframework.beans.factory.annotation.AutowiredAnnotationBeanPostProcessor - Autowired annotation is not supported on static fields: private static final org.slf4j.Logger com.bnuz.electronic_supermarket.brand.service.Impl.BrandServiceImpl.LOGGER
[2022-03-19 11:59:34.439] [INFO ] com.alibaba.druid.spring.boot.autoconfigure.DruidDataSourceAutoConfigure.dataSource(DruidDataSourceAutoConfigure.java:56) com.alibaba.druid.spring.boot.autoconfigure.DruidDataSourceAutoConfigure - Init DruidDataSource
[2022-03-19 11:59:34.704] [INFO ] com.alibaba.druid.pool.DruidDataSource.init(DruidDataSource.java:994) com.alibaba.druid.pool.DruidDataSource - {dataSource-1} inited
[2022-03-19 11:59:36.560] [INFO ] org.springframework.beans.factory.annotation.AutowiredAnnotationBeanPostProcessor.lambda$buildAutowiringMetadata$1(AutowiredAnnotationBeanPostProcessor.java:478) org.springframework.beans.factory.annotation.AutowiredAnnotationBeanPostProcessor - Autowired annotation is not supported on static fields: private static final org.slf4j.Logger com.bnuz.electronic_supermarket.product.service.Impl.ProductServiceImpl.LOGGER
[2022-03-19 11:59:36.659] [INFO ] org.springframework.beans.factory.annotation.AutowiredAnnotationBeanPostProcessor.lambda$buildAutowiringMetadata$1(AutowiredAnnotationBeanPostProcessor.java:478) org.springframework.beans.factory.annotation.AutowiredAnnotationBeanPostProcessor - Autowired annotation is not supported on static fields: private static final org.slf4j.Logger com.bnuz.electronic_supermarket.store.service.Implement.StoreServiceImpl.LOGGER
[2022-03-19 11:59:36.672] [INFO ] org.springframework.beans.factory.annotation.AutowiredAnnotationBeanPostProcessor.lambda$buildAutowiringMetadata$1(AutowiredAnnotationBeanPostProcessor.java:478) org.springframework.beans.factory.annotation.AutowiredAnnotationBeanPostProcessor - Autowired annotation is not supported on static fields: private static final org.slf4j.Logger com.bnuz.electronic_supermarket.user.service.implement.UserServiceImpl.LOGGER
[2022-03-19 11:59:37.407] [INFO ] org.springframework.boot.devtools.autoconfigure.OptionalLiveReloadServer.startServer(OptionalLiveReloadServer.java:58) org.springframework.boot.devtools.autoconfigure.OptionalLiveReloadServer - LiveReload server is running on port 35729
[2022-03-19 11:59:39.713] [INFO ] org.springframework.data.elasticsearch.support.VersionInfo.logVersions(VersionInfo.java:62) org.springframework.data.elasticsearch.support.VersionInfo - Version Spring Data Elasticsearch: 4.2.6
[2022-03-19 11:59:39.714] [INFO ] org.springframework.data.elasticsearch.support.VersionInfo.logVersions(VersionInfo.java:63) org.springframework.data.elasticsearch.support.VersionInfo - Version Elasticsearch Client in build: 7.12.1
[2022-03-19 11:59:39.714] [INFO ] org.springframework.data.elasticsearch.support.VersionInfo.logVersions(VersionInfo.java:64) org.springframework.data.elasticsearch.support.VersionInfo - Version Elasticsearch Client used: 7.12.1
[2022-03-19 11:59:40.577] [INFO ] org.apache.juli.logging.DirectJDKLog.log(DirectJDKLog.java:173) org.apache.coyote.http11.Http11NioProtocol - Starting ProtocolHandler ["http-nio-8099"]
[2022-03-19 11:59:40.591] [INFO ] org.springframework.boot.web.embedded.tomcat.TomcatWebServer.start(TomcatWebServer.java:220) org.springframework.boot.web.embedded.tomcat.TomcatWebServer - Tomcat started on port(s): 8099 (http) with context path ''
[2022-03-19 11:59:40.792] [WARN ] springfox.documentation.swagger.readers.operation.OperationImplicitParameterReader.modelSpecification(OperationImplicitParameterReader.java:170) springfox.documentation.swagger.readers.operation.OperationImplicitParameterReader - Unable to interpret the implicit parameter configuration with dataType: , dataTypeClass: class java.lang.Void
[2022-03-19 11:59:40.797] [WARN ] springfox.documentation.swagger.readers.operation.OperationImplicitParameterReader.modelSpecification(OperationImplicitParameterReader.java:170) springfox.documentation.swagger.readers.operation.OperationImplicitParameterReader - Unable to interpret the implicit parameter configuration with dataType: , dataTypeClass: class java.lang.Void
[2022-03-19 11:59:40.839] [WARN ] springfox.documentation.swagger.readers.operation.OperationImplicitParameterReader.modelSpecification(OperationImplicitParameterReader.java:170) springfox.documentation.swagger.readers.operation.OperationImplicitParameterReader - Unable to interpret the implicit parameter configuration with dataType: String, dataTypeClass: class java.lang.Void
[2022-03-19 11:59:40.840] [WARN ] springfox.documentation.swagger.readers.operation.OperationImplicitParameterReader.modelSpecification(OperationImplicitParameterReader.java:170) springfox.documentation.swagger.readers.operation.OperationImplicitParameterReader - Unable to interpret the implicit parameter configuration with dataType: , dataTypeClass: class java.lang.Void
[2022-03-19 11:59:40.950] [WARN ] springfox.documentation.swagger.readers.operation.OperationImplicitParameterReader.modelSpecification(OperationImplicitParameterReader.java:170) springfox.documentation.swagger.readers.operation.OperationImplicitParameterReader - Unable to interpret the implicit parameter configuration with dataType: , dataTypeClass: class java.lang.Void
[2022-03-19 11:59:40.960] [WARN ] springfox.documentation.swagger.readers.operation.OperationImplicitParameterReader.modelSpecification(OperationImplicitParameterReader.java:170) springfox.documentation.swagger.readers.operation.OperationImplicitParameterReader - Unable to interpret the implicit parameter configuration with dataType: , dataTypeClass: class java.lang.Void
[2022-03-19 11:59:40.960] [WARN ] springfox.documentation.swagger.readers.operation.OperationImplicitParameterReader.modelSpecification(OperationImplicitParameterReader.java:170) springfox.documentation.swagger.readers.operation.OperationImplicitParameterReader - Unable to interpret the implicit parameter configuration with dataType: , dataTypeClass: class java.lang.Void
[2022-03-19 11:59:40.973] [WARN ] springfox.documentation.swagger.readers.operation.OperationImplicitParameterReader.modelSpecification(OperationImplicitParameterReader.java:170) springfox.documentation.swagger.readers.operation.OperationImplicitParameterReader - Unable to interpret the implicit parameter configuration with dataType: , dataTypeClass: class java.lang.Void
[2022-03-19 11:59:40.974] [WARN ] springfox.documentation.swagger.readers.operation.OperationImplicitParameterReader.modelSpecification(OperationImplicitParameterReader.java:170) springfox.documentation.swagger.readers.operation.OperationImplicitParameterReader - Unable to interpret the implicit parameter configuration with dataType: , dataTypeClass: class java.lang.Void
[2022-03-19 11:59:40.984] [WARN ] springfox.documentation.swagger.readers.operation.OperationImplicitParameterReader.modelSpecification(OperationImplicitParameterReader.java:170) springfox.documentation.swagger.readers.operation.OperationImplicitParameterReader - Unable to interpret the implicit parameter configuration with dataType: String, dataTypeClass: class java.lang.Void
[2022-03-19 11:59:40.985] [WARN ] springfox.documentation.swagger.readers.operation.OperationImplicitParameterReader.modelSpecification(OperationImplicitParameterReader.java:170) springfox.documentation.swagger.readers.operation.OperationImplicitParameterReader - Unable to interpret the implicit parameter configuration with dataType: , dataTypeClass: class java.lang.Void
[2022-03-19 11:59:41.033] [WARN ] springfox.documentation.swagger.readers.operation.OperationImplicitParameterReader.modelSpecification(OperationImplicitParameterReader.java:170) springfox.documentation.swagger.readers.operation.OperationImplicitParameterReader - Unable to interpret the implicit parameter configuration with dataType: , dataTypeClass: class java.lang.Void
[2022-03-19 11:59:41.041] [WARN ] springfox.documentation.swagger.readers.operation.OperationImplicitParameterReader.modelSpecification(OperationImplicitParameterReader.java:170) springfox.documentation.swagger.readers.operation.OperationImplicitParameterReader - Unable to interpret the implicit parameter configuration with dataType: , dataTypeClass: class java.lang.Void
[2022-03-19 11:59:41.041] [WARN ] springfox.documentation.swagger.readers.operation.OperationImplicitParameterReader.modelSpecification(OperationImplicitParameterReader.java:170) springfox.documentation.swagger.readers.operation.OperationImplicitParameterReader - Unable to interpret the implicit parameter configuration with dataType: , dataTypeClass: class java.lang.Void
[2022-03-19 11:59:41.041] [WARN ] springfox.documentation.swagger.readers.operation.OperationImplicitParameterReader.modelSpecification(OperationImplicitParameterReader.java:170) springfox.documentation.swagger.readers.operation.OperationImplicitParameterReader - Unable to interpret the implicit parameter configuration with dataType: , dataTypeClass: class java.lang.Void
[2022-03-19 11:59:41.049] [WARN ] springfox.documentation.swagger.readers.operation.OperationImplicitParameterReader.modelSpecification(OperationImplicitParameterReader.java:170) springfox.documentation.swagger.readers.operation.OperationImplicitParameterReader - Unable to interpret the implicit parameter configuration with dataType: , dataTypeClass: class java.lang.Void
[2022-03-19 11:59:41.050] [WARN ] springfox.documentation.swagger.readers.operation.OperationImplicitParameterReader.modelSpecification(OperationImplicitParameterReader.java:170) springfox.documentation.swagger.readers.operation.OperationImplicitParameterReader - Unable to interpret the implicit parameter configuration with dataType: , dataTypeClass: class java.lang.Void
[2022-03-19 11:59:41.071] [WARN ] springfox.documentation.swagger.readers.operation.OperationImplicitParameterReader.modelSpecification(OperationImplicitParameterReader.java:170) springfox.documentation.swagger.readers.operation.OperationImplicitParameterReader - Unable to interpret the implicit parameter configuration with dataType: , dataTypeClass: class java.lang.Void
[2022-03-19 11:59:41.072] [WARN ] springfox.documentation.swagger.readers.operation.OperationImplicitParameterReader.modelSpecification(OperationImplicitParameterReader.java:170) springfox.documentation.swagger.readers.operation.OperationImplicitParameterReader - Unable to interpret the implicit parameter configuration with dataType: , dataTypeClass: class java.lang.Void
[2022-03-19 11:59:41.079] [WARN ] springfox.documentation.swagger.readers.operation.OperationImplicitParameterReader.modelSpecification(OperationImplicitParameterReader.java:170) springfox.documentation.swagger.readers.operation.OperationImplicitParameterReader - Unable to interpret the implicit parameter configuration with dataType: , dataTypeClass: class java.lang.Void
[2022-03-19 11:59:41.079] [WARN ] springfox.documentation.swagger.readers.operation.OperationImplicitParameterReader.modelSpecification(OperationImplicitParameterReader.java:170) springfox.documentation.swagger.readers.operation.OperationImplicitParameterReader - Unable to interpret the implicit parameter configuration with dataType: , dataTypeClass: class java.lang.Void
[2022-03-19 11:59:41.085] [WARN ] springfox.documentation.swagger.readers.operation.OperationImplicitParameterReader.modelSpecification(OperationImplicitParameterReader.java:170) springfox.documentation.swagger.readers.operation.OperationImplicitParameterReader - Unable to interpret the implicit parameter configuration with dataType: , dataTypeClass: class java.lang.Void
[2022-03-19 11:59:41.086] [WARN ] springfox.documentation.swagger.readers.operation.OperationImplicitParameterReader.modelSpecification(OperationImplicitParameterReader.java:170) springfox.documentation.swagger.readers.operation.OperationImplicitParameterReader - Unable to interpret the implicit parameter configuration with dataType: , dataTypeClass: class java.lang.Void
[2022-03-19 11:59:41.100] [WARN ] springfox.documentation.swagger.readers.operation.OperationImplicitParameterReader.modelSpecification(OperationImplicitParameterReader.java:170) springfox.documentation.swagger.readers.operation.OperationImplicitParameterReader - Unable to interpret the implicit parameter configuration with dataType: , dataTypeClass: class java.lang.Void
[2022-03-19 11:59:41.107] [WARN ] springfox.documentation.swagger.readers.operation.OperationImplicitParameterReader.modelSpecification(OperationImplicitParameterReader.java:170) springfox.documentation.swagger.readers.operation.OperationImplicitParameterReader - Unable to interpret the implicit parameter configuration with dataType: , dataTypeClass: class java.lang.Void
[2022-03-19 11:59:41.107] [WARN ] springfox.documentation.swagger.readers.operation.OperationImplicitParameterReader.modelSpecification(OperationImplicitParameterReader.java:170) springfox.documentation.swagger.readers.operation.OperationImplicitParameterReader - Unable to interpret the implicit parameter configuration with dataType: , dataTypeClass: class java.lang.Void
[2022-03-19 11:59:41.107] [WARN ] springfox.documentation.swagger.readers.operation.OperationImplicitParameterReader.modelSpecification(OperationImplicitParameterReader.java:170) springfox.documentation.swagger.readers.operation.OperationImplicitParameterReader - Unable to interpret the implicit parameter configuration with dataType: , dataTypeClass: class java.lang.Void
[2022-03-19 11:59:41.113] [WARN ] springfox.documentation.swagger.readers.operation.OperationImplicitParameterReader.modelSpecification(OperationImplicitParameterReader.java:170) springfox.documentation.swagger.readers.operation.OperationImplicitParameterReader - Unable to interpret the implicit parameter configuration with dataType: , dataTypeClass: class java.lang.Void
[2022-03-19 11:59:41.114] [WARN ] springfox.documentation.swagger.readers.operation.OperationImplicitParameterReader.modelSpecification(OperationImplicitParameterReader.java:170) springfox.documentation.swagger.readers.operation.OperationImplicitParameterReader - Unable to interpret the implicit parameter configuration with dataType: , dataTypeClass: class java.lang.Void
[2022-03-19 11:59:41.159] [WARN ] springfox.documentation.swagger.readers.operation.OperationImplicitParameterReader.modelSpecification(OperationImplicitParameterReader.java:170) springfox.documentation.swagger.readers.operation.OperationImplicitParameterReader - Unable to interpret the implicit parameter configuration with dataType: , dataTypeClass: class java.lang.Void
[2022-03-19 11:59:41.168] [WARN ] springfox.documentation.swagger.readers.operation.OperationImplicitParameterReader.modelSpecification(OperationImplicitParameterReader.java:170) springfox.documentation.swagger.readers.operation.OperationImplicitParameterReader - Unable to interpret the implicit parameter configuration with dataType: , dataTypeClass: class java.lang.Void
[2022-03-19 11:59:41.169] [WARN ] springfox.documentation.swagger.readers.operation.OperationImplicitParameterReader.modelSpecification(OperationImplicitParameterReader.java:170) springfox.documentation.swagger.readers.operation.OperationImplicitParameterReader - Unable to interpret the implicit parameter configuration with dataType: , dataTypeClass: class java.lang.Void
[2022-03-19 11:59:41.179] [WARN ] springfox.documentation.swagger.readers.operation.OperationImplicitParameterReader.modelSpecification(OperationImplicitParameterReader.java:170) springfox.documentation.swagger.readers.operation.OperationImplicitParameterReader - Unable to interpret the implicit parameter configuration with dataType: , dataTypeClass: class java.lang.Void
[2022-03-19 11:59:41.180] [WARN ] springfox.documentation.swagger.readers.operation.OperationImplicitParameterReader.modelSpecification(OperationImplicitParameterReader.java:170) springfox.documentation.swagger.readers.operation.OperationImplicitParameterReader - Unable to interpret the implicit parameter configuration with dataType: , dataTypeClass: class java.lang.Void
[2022-03-19 11:59:41.189] [WARN ] springfox.documentation.swagger.readers.operation.OperationImplicitParameterReader.modelSpecification(OperationImplicitParameterReader.java:170) springfox.documentation.swagger.readers.operation.OperationImplicitParameterReader - Unable to interpret the implicit parameter configuration with dataType: , dataTypeClass: class java.lang.Void
[2022-03-19 11:59:41.190] [WARN ] springfox.documentation.swagger.readers.operation.OperationImplicitParameterReader.modelSpecification(OperationImplicitParameterReader.java:170) springfox.documentation.swagger.readers.operation.OperationImplicitParameterReader - Unable to interpret the implicit parameter configuration with dataType: , dataTypeClass: class java.lang.Void
[2022-03-19 11:59:41.191] [WARN ] springfox.documentation.swagger.readers.operation.OperationImplicitParameterReader.modelSpecification(OperationImplicitParameterReader.java:170) springfox.documentation.swagger.readers.operation.OperationImplicitParameterReader - Unable to interpret the implicit parameter configuration with dataType: , dataTypeClass: class java.lang.Void
[2022-03-19 11:59:41.203] [WARN ] springfox.documentation.swagger.readers.operation.OperationImplicitParameterReader.modelSpecification(OperationImplicitParameterReader.java:170) springfox.documentation.swagger.readers.operation.OperationImplicitParameterReader - Unable to interpret the implicit parameter configuration with dataType: , dataTypeClass: class java.lang.Void
[2022-03-19 11:59:41.203] [WARN ] springfox.documentation.swagger.readers.operation.OperationImplicitParameterReader.modelSpecification(OperationImplicitParameterReader.java:170) springfox.documentation.swagger.readers.operation.OperationImplicitParameterReader - Unable to interpret the implicit parameter configuration with dataType: , dataTypeClass: class java.lang.Void
[2022-03-19 11:59:41.210] [WARN ] springfox.documentation.swagger.readers.operation.OperationImplicitParameterReader.modelSpecification(OperationImplicitParameterReader.java:170) springfox.documentation.swagger.readers.operation.OperationImplicitParameterReader - Unable to interpret the implicit parameter configuration with dataType: , dataTypeClass: class java.lang.Void
[2022-03-19 11:59:41.210] [WARN ] springfox.documentation.swagger.readers.operation.OperationImplicitParameterReader.modelSpecification(OperationImplicitParameterReader.java:170) springfox.documentation.swagger.readers.operation.OperationImplicitParameterReader - Unable to interpret the implicit parameter configuration with dataType: , dataTypeClass: class java.lang.Void
[2022-03-19 11:59:41.252] [WARN ] springfox.documentation.swagger.readers.operation.OperationImplicitParameterReader.modelSpecification(OperationImplicitParameterReader.java:170) springfox.documentation.swagger.readers.operation.OperationImplicitParameterReader - Unable to interpret the implicit parameter configuration with dataType: , dataTypeClass: class java.lang.Void
[2022-03-19 11:59:41.292] [INFO ] org.springframework.boot.StartupInfoLogger.logStarted(StartupInfoLogger.java:61) com.bnuz.electronic_supermarket.ElectronicSupermarketApplication - Started ElectronicSupermarketApplication in 10.564 seconds (JVM running for 13.907)
[2022-03-19 11:59:44.423] [INFO ] org.apache.juli.logging.DirectJDKLog.log(DirectJDKLog.java:173) org.apache.catalina.core.ContainerBase.[Tomcat].[localhost].[/] - Initializing Spring DispatcherServlet 'dispatcherServlet'
[2022-03-19 11:59:44.423] [INFO ] org.springframework.web.servlet.FrameworkServlet.initServletBean(FrameworkServlet.java:525) org.springframework.web.servlet.DispatcherServlet - Initializing Servlet 'dispatcherServlet'
[2022-03-19 11:59:44.429] [INFO ] org.springframework.web.servlet.FrameworkServlet.initServletBean(FrameworkServlet.java:547) org.springframework.web.servlet.DispatcherServlet - Completed initialization in 6 ms
[2022-03-19 11:59:44.515] [ERROR] org.apache.juli.logging.DirectJDKLog.log(DirectJDKLog.java:175) org.apache.catalina.core.ContainerBase.[Tomcat].[localhost].[/].[dispatcherServlet] - Servlet.service() for servlet [dispatcherServlet] in context with path [] threw exception [Request processing failed; nested exception is cn.dev33.satoken.exception.NotLoginException: Token无效：5dbae95c223a40a588d3ad4d3714d6a3] with root cause
cn.dev33.satoken.exception.NotLoginException: Token无效：5dbae95c223a40a588d3ad4d3714d6a3
	at cn.dev33.satoken.exception.NotLoginException.newInstance(NotLoginException.java:137) ~[sa-token-core-1.29.0.jar:?]
	at cn.dev33.satoken.stp.StpLogic.getLoginId(StpLogic.java:576) ~[sa-token-core-1.29.0.jar:?]
	at cn.dev33.satoken.stp.StpLogic.checkLogin(StpLogic.java:556) ~[sa-token-core-1.29.0.jar:?]
	at cn.dev33.satoken.stp.StpLogic.checkByAnnotation(StpLogic.java:1467) ~[sa-token-core-1.29.0.jar:?]
	at cn.dev33.satoken.action.SaTokenActionDefaultImpl.validateAnnotation(SaTokenActionDefaultImpl.java:121) ~[sa-token-core-1.29.0.jar:?]
	at cn.dev33.satoken.strategy.SaStrategy.lambda$new$4(SaStrategy.java:88) ~[sa-token-core-1.29.0.jar:?]
	at cn.dev33.satoken.strategy.SaStrategy.lambda$new$3(SaStrategy.java:79) ~[sa-token-core-1.29.0.jar:?]
	at cn.dev33.satoken.interceptor.SaAnnotationInterceptor.preHandle(SaAnnotationInterceptor.java:40) ~[sa-token-spring-boot-starter-1.29.0.jar:?]
	at org.springframework.web.servlet.HandlerExecutionChain.applyPreHandle(HandlerExecutionChain.java:148) ~[spring-webmvc-5.3.12.jar:5.3.12]
	at org.springframework.web.servlet.DispatcherServlet.doDispatch(DispatcherServlet.java:1062) ~[spring-webmvc-5.3.12.jar:5.3.12]
	at org.springframework.web.servlet.DispatcherServlet.doService(DispatcherServlet.java:963) ~[spring-webmvc-5.3.12.jar:5.3.12]
	at org.springframework.web.servlet.FrameworkServlet.processRequest(FrameworkServlet.java:1006) ~[spring-webmvc-5.3.12.jar:5.3.12]
	at org.springframework.web.servlet.FrameworkServlet.doPost(FrameworkServlet.java:909) ~[spring-webmvc-5.3.12.jar:5.3.12]
	at javax.servlet.http.HttpServlet.service(HttpServlet.java:681) ~[tomcat-embed-core-9.0.54.jar:4.0.FR]
	at org.springframework.web.servlet.FrameworkServlet.service(FrameworkServlet.java:883) ~[spring-webmvc-5.3.12.jar:5.3.12]
	at javax.servlet.http.HttpServlet.service(HttpServlet.java:764) ~[tomcat-embed-core-9.0.54.jar:4.0.FR]
	at org.apache.catalina.core.ApplicationFilterChain.internalDoFilter(ApplicationFilterChain.java:227) ~[tomcat-embed-core-9.0.54.jar:9.0.54]
	at org.apache.catalina.core.ApplicationFilterChain.doFilter(ApplicationFilterChain.java:162) ~[tomcat-embed-core-9.0.54.jar:9.0.54]
	at org.apache.tomcat.websocket.server.WsFilter.doFilter(WsFilter.java:53) ~[tomcat-embed-websocket-9.0.54.jar:9.0.54]
	at org.apache.catalina.core.ApplicationFilterChain.internalDoFilter(ApplicationFilterChain.java:189) ~[tomcat-embed-core-9.0.54.jar:9.0.54]
	at org.apache.catalina.core.ApplicationFilterChain.doFilter(ApplicationFilterChain.java:162) ~[tomcat-embed-core-9.0.54.jar:9.0.54]
	at com.alibaba.druid.support.http.WebStatFilter.doFilter(WebStatFilter.java:124) ~[druid-1.1.22.jar:1.1.22]
	at org.apache.catalina.core.ApplicationFilterChain.internalDoFilter(ApplicationFilterChain.java:189) ~[tomcat-embed-core-9.0.54.jar:9.0.54]
	at org.apache.catalina.core.ApplicationFilterChain.doFilter(ApplicationFilterChain.java:162) ~[tomcat-embed-core-9.0.54.jar:9.0.54]
	at org.springframework.web.filter.RequestContextFilter.doFilterInternal(RequestContextFilter.java:100) ~[spring-web-5.3.12.jar:5.3.12]
	at org.springframework.web.filter.OncePerRequestFilter.doFilter(OncePerRequestFilter.java:119) ~[spring-web-5.3.12.jar:5.3.12]
	at org.apache.catalina.core.ApplicationFilterChain.internalDoFilter(ApplicationFilterChain.java:189) ~[tomcat-embed-core-9.0.54.jar:9.0.54]
	at org.apache.catalina.core.ApplicationFilterChain.doFilter(ApplicationFilterChain.java:162) ~[tomcat-embed-core-9.0.54.jar:9.0.54]
	at org.springframework.web.filter.FormContentFilter.doFilterInternal(FormContentFilter.java:93) ~[spring-web-5.3.12.jar:5.3.12]
	at org.springframework.web.filter.OncePerRequestFilter.doFilter(OncePerRequestFilter.java:119) ~[spring-web-5.3.12.jar:5.3.12]
	at org.apache.catalina.core.ApplicationFilterChain.internalDoFilter(ApplicationFilterChain.java:189) ~[tomcat-embed-core-9.0.54.jar:9.0.54]
	at org.apache.catalina.core.ApplicationFilterChain.doFilter(ApplicationFilterChain.java:162) ~[tomcat-embed-core-9.0.54.jar:9.0.54]
	at org.springframework.web.filter.CharacterEncodingFilter.doFilterInternal(CharacterEncodingFilter.java:201) ~[spring-web-5.3.12.jar:5.3.12]
	at org.springframework.web.filter.OncePerRequestFilter.doFilter(OncePerRequestFilter.java:119) ~[spring-web-5.3.12.jar:5.3.12]
	at org.apache.catalina.core.ApplicationFilterChain.internalDoFilter(ApplicationFilterChain.java:189) ~[tomcat-embed-core-9.0.54.jar:9.0.54]
	at org.apache.catalina.core.ApplicationFilterChain.doFilter(ApplicationFilterChain.java:162) ~[tomcat-embed-core-9.0.54.jar:9.0.54]
	at org.apache.catalina.core.StandardWrapperValve.invoke(StandardWrapperValve.java:197) [tomcat-embed-core-9.0.54.jar:9.0.54]
	at org.apache.catalina.core.StandardContextValve.invoke(StandardContextValve.java:97) [tomcat-embed-core-9.0.54.jar:9.0.54]
	at org.apache.catalina.authenticator.AuthenticatorBase.invoke(AuthenticatorBase.java:540) [tomcat-embed-core-9.0.54.jar:9.0.54]
	at org.apache.catalina.core.StandardHostValve.invoke(StandardHostValve.java:135) [tomcat-embed-core-9.0.54.jar:9.0.54]
	at org.apache.catalina.valves.ErrorReportValve.invoke(ErrorReportValve.java:92) [tomcat-embed-core-9.0.54.jar:9.0.54]
	at org.apache.catalina.core.StandardEngineValve.invoke(StandardEngineValve.java:78) [tomcat-embed-core-9.0.54.jar:9.0.54]
	at org.apache.catalina.connector.CoyoteAdapter.service(CoyoteAdapter.java:357) [tomcat-embed-core-9.0.54.jar:9.0.54]
	at org.apache.coyote.http11.Http11Processor.service(Http11Processor.java:382) [tomcat-embed-core-9.0.54.jar:9.0.54]
	at org.apache.coyote.AbstractProcessorLight.process(AbstractProcessorLight.java:65) [tomcat-embed-core-9.0.54.jar:9.0.54]
	at org.apache.coyote.AbstractProtocol$ConnectionHandler.process(AbstractProtocol.java:895) [tomcat-embed-core-9.0.54.jar:9.0.54]
	at org.apache.tomcat.util.net.NioEndpoint$SocketProcessor.doRun(NioEndpoint.java:1722) [tomcat-embed-core-9.0.54.jar:9.0.54]
	at org.apache.tomcat.util.net.SocketProcessorBase.run(SocketProcessorBase.java:49) [tomcat-embed-core-9.0.54.jar:9.0.54]
	at org.apache.tomcat.util.threads.ThreadPoolExecutor.runWorker(ThreadPoolExecutor.java:1191) [tomcat-embed-core-9.0.54.jar:9.0.54]
	at org.apache.tomcat.util.threads.ThreadPoolExecutor$Worker.run(ThreadPoolExecutor.java:659) [tomcat-embed-core-9.0.54.jar:9.0.54]
	at org.apache.tomcat.util.threads.TaskThread$WrappingRunnable.run(TaskThread.java:61) [tomcat-embed-core-9.0.54.jar:9.0.54]
	at java.lang.Thread.run(Thread.java:748) [?:1.8.0_251]
