[2022-03-20 15:27:38.928] [INFO ] org.hibernate.validator.internal.util.Version.<clinit>(Version.java:21) org.hibernate.validator.internal.util.Version - HV000001: Hibernate Validator 6.2.0.Final
[2022-03-20 15:27:39.021] [INFO ] org.springframework.boot.StartupInfoLogger.logStarting(StartupInfoLogger.java:55) com.bnuz.electronic_supermarket.ElectronicSupermarketApplication - Starting ElectronicSupermarketApplication using Java 1.8.0_251 on LAPTOP-T0L5AU5O with PID 11796 (D:\SeniorCourse\毕业设计\毕设作品电子商城\target\classes started by AEO WUGUOZHI in D:\SeniorCourse\毕业设计\毕设作品电子商城)
[2022-03-20 15:27:39.025] [INFO ] org.springframework.boot.SpringApplication.logStartupProfileInfo(SpringApplication.java:659) com.bnuz.electronic_supermarket.ElectronicSupermarketApplication - No active profile set, falling back to default profiles: default
[2022-03-20 15:27:39.079] [INFO ] org.springframework.boot.logging.DeferredLog.logTo(DeferredLog.java:255) org.springframework.boot.devtools.env.DevToolsPropertyDefaultsPostProcessor - Devtools property defaults active! Set 'spring.devtools.add-properties' to 'false' to disable
[2022-03-20 15:27:39.079] [INFO ] org.springframework.boot.logging.DeferredLog.logTo(DeferredLog.java:255) org.springframework.boot.devtools.env.DevToolsPropertyDefaultsPostProcessor - For additional web related logging consider setting the 'logging.level.web' property to 'DEBUG'
[2022-03-20 15:27:40.345] [INFO ] org.springframework.data.repository.config.RepositoryConfigurationDelegate.multipleStoresDetected(RepositoryConfigurationDelegate.java:262) org.springframework.data.repository.config.RepositoryConfigurationDelegate - Multiple Spring Data modules found, entering strict repository configuration mode!
[2022-03-20 15:27:40.346] [INFO ] org.springframework.data.repository.config.RepositoryConfigurationDelegate.registerRepositoriesIn(RepositoryConfigurationDelegate.java:132) org.springframework.data.repository.config.RepositoryConfigurationDelegate - Bootstrapping Spring Data Elasticsearch repositories in DEFAULT mode.
[2022-03-20 15:27:40.396] [INFO ] org.springframework.data.repository.config.RepositoryConfigurationDelegate.registerRepositoriesIn(RepositoryConfigurationDelegate.java:201) org.springframework.data.repository.config.RepositoryConfigurationDelegate - Finished Spring Data repository scanning in 44 ms. Found 0 Elasticsearch repository interfaces.
[2022-03-20 15:27:40.404] [INFO ] org.springframework.data.repository.config.RepositoryConfigurationDelegate.multipleStoresDetected(RepositoryConfigurationDelegate.java:262) org.springframework.data.repository.config.RepositoryConfigurationDelegate - Multiple Spring Data modules found, entering strict repository configuration mode!
[2022-03-20 15:27:40.404] [INFO ] org.springframework.data.repository.config.RepositoryConfigurationDelegate.registerRepositoriesIn(RepositoryConfigurationDelegate.java:132) org.springframework.data.repository.config.RepositoryConfigurationDelegate - Bootstrapping Spring Data Reactive Elasticsearch repositories in DEFAULT mode.
[2022-03-20 15:27:40.436] [INFO ] org.springframework.data.repository.config.RepositoryConfigurationDelegate.registerRepositoriesIn(RepositoryConfigurationDelegate.java:201) org.springframework.data.repository.config.RepositoryConfigurationDelegate - Finished Spring Data repository scanning in 31 ms. Found 0 Reactive Elasticsearch repository interfaces.
[2022-03-20 15:27:40.455] [INFO ] org.springframework.data.repository.config.RepositoryConfigurationDelegate.multipleStoresDetected(RepositoryConfigurationDelegate.java:262) org.springframework.data.repository.config.RepositoryConfigurationDelegate - Multiple Spring Data modules found, entering strict repository configuration mode!
[2022-03-20 15:27:40.455] [INFO ] org.springframework.data.repository.config.RepositoryConfigurationDelegate.registerRepositoriesIn(RepositoryConfigurationDelegate.java:132) org.springframework.data.repository.config.RepositoryConfigurationDelegate - Bootstrapping Spring Data JDBC repositories in DEFAULT mode.
[2022-03-20 15:27:40.481] [INFO ] org.springframework.data.repository.config.RepositoryConfigurationDelegate.registerRepositoriesIn(RepositoryConfigurationDelegate.java:201) org.springframework.data.repository.config.RepositoryConfigurationDelegate - Finished Spring Data repository scanning in 25 ms. Found 0 JDBC repository interfaces.
[2022-03-20 15:27:40.495] [INFO ] org.springframework.data.repository.config.RepositoryConfigurationDelegate.multipleStoresDetected(RepositoryConfigurationDelegate.java:262) org.springframework.data.repository.config.RepositoryConfigurationDelegate - Multiple Spring Data modules found, entering strict repository configuration mode!
[2022-03-20 15:27:40.497] [INFO ] org.springframework.data.repository.config.RepositoryConfigurationDelegate.registerRepositoriesIn(RepositoryConfigurationDelegate.java:132) org.springframework.data.repository.config.RepositoryConfigurationDelegate - Bootstrapping Spring Data Redis repositories in DEFAULT mode.
[2022-03-20 15:27:40.533] [INFO ] org.springframework.data.repository.config.RepositoryConfigurationDelegate.registerRepositoriesIn(RepositoryConfigurationDelegate.java:201) org.springframework.data.repository.config.RepositoryConfigurationDelegate - Finished Spring Data repository scanning in 26 ms. Found 0 Redis repository interfaces.
[2022-03-20 15:27:41.333] [INFO ] org.springframework.boot.web.embedded.tomcat.TomcatWebServer.initialize(TomcatWebServer.java:108) org.springframework.boot.web.embedded.tomcat.TomcatWebServer - Tomcat initialized with port(s): 8099 (http)
[2022-03-20 15:27:41.341] [INFO ] org.apache.juli.logging.DirectJDKLog.log(DirectJDKLog.java:173) org.apache.coyote.http11.Http11NioProtocol - Initializing ProtocolHandler ["http-nio-8099"]
[2022-03-20 15:27:41.342] [INFO ] org.apache.juli.logging.DirectJDKLog.log(DirectJDKLog.java:173) org.apache.catalina.core.StandardService - Starting service [Tomcat]
[2022-03-20 15:27:41.342] [INFO ] org.apache.juli.logging.DirectJDKLog.log(DirectJDKLog.java:173) org.apache.catalina.core.StandardEngine - Starting Servlet engine: [Apache Tomcat/9.0.54]
[2022-03-20 15:27:41.478] [INFO ] org.apache.juli.logging.DirectJDKLog.log(DirectJDKLog.java:173) org.apache.catalina.core.ContainerBase.[Tomcat].[localhost].[/] - Initializing Spring embedded WebApplicationContext
[2022-03-20 15:27:41.478] [INFO ] org.springframework.boot.web.servlet.context.ServletWebServerApplicationContext.prepareWebApplicationContext(ServletWebServerApplicationContext.java:290) org.springframework.boot.web.servlet.context.ServletWebServerApplicationContext - Root WebApplicationContext: initialization completed in 2398 ms
[2022-03-20 15:27:41.570] [INFO ] org.springframework.beans.factory.annotation.AutowiredAnnotationBeanPostProcessor.lambda$buildAutowiringMetadata$1(AutowiredAnnotationBeanPostProcessor.java:478) org.springframework.beans.factory.annotation.AutowiredAnnotationBeanPostProcessor - Autowired annotation is not supported on static fields: private static final org.slf4j.Logger com.bnuz.electronic_supermarket.brand.service.Impl.BrandServiceImpl.LOGGER
[2022-03-20 15:27:41.610] [INFO ] com.alibaba.druid.spring.boot.autoconfigure.DruidDataSourceAutoConfigure.dataSource(DruidDataSourceAutoConfigure.java:56) com.alibaba.druid.spring.boot.autoconfigure.DruidDataSourceAutoConfigure - Init DruidDataSource
[2022-03-20 15:27:41.853] [INFO ] com.alibaba.druid.pool.DruidDataSource.init(DruidDataSource.java:994) com.alibaba.druid.pool.DruidDataSource - {dataSource-1} inited
[2022-03-20 15:27:44.269] [INFO ] org.springframework.beans.factory.annotation.AutowiredAnnotationBeanPostProcessor.lambda$buildAutowiringMetadata$1(AutowiredAnnotationBeanPostProcessor.java:478) org.springframework.beans.factory.annotation.AutowiredAnnotationBeanPostProcessor - Autowired annotation is not supported on static fields: private static final org.slf4j.Logger com.bnuz.electronic_supermarket.order.service.Impl.OrderrServiceImpl.LOGGER
[2022-03-20 15:27:44.299] [INFO ] org.springframework.beans.factory.annotation.AutowiredAnnotationBeanPostProcessor.lambda$buildAutowiringMetadata$1(AutowiredAnnotationBeanPostProcessor.java:478) org.springframework.beans.factory.annotation.AutowiredAnnotationBeanPostProcessor - Autowired annotation is not supported on static fields: private static final org.slf4j.Logger com.bnuz.electronic_supermarket.product.service.Impl.ProductServiceImpl.LOGGER
[2022-03-20 15:27:44.365] [INFO ] org.springframework.beans.factory.annotation.AutowiredAnnotationBeanPostProcessor.lambda$buildAutowiringMetadata$1(AutowiredAnnotationBeanPostProcessor.java:478) org.springframework.beans.factory.annotation.AutowiredAnnotationBeanPostProcessor - Autowired annotation is not supported on static fields: private static final org.slf4j.Logger com.bnuz.electronic_supermarket.store.service.Implement.StoreServiceImpl.LOGGER
[2022-03-20 15:27:44.374] [INFO ] org.springframework.beans.factory.annotation.AutowiredAnnotationBeanPostProcessor.lambda$buildAutowiringMetadata$1(AutowiredAnnotationBeanPostProcessor.java:478) org.springframework.beans.factory.annotation.AutowiredAnnotationBeanPostProcessor - Autowired annotation is not supported on static fields: private static final org.slf4j.Logger com.bnuz.electronic_supermarket.user.service.implement.UserServiceImpl.LOGGER
[2022-03-20 15:27:44.951] [INFO ] org.springframework.boot.devtools.autoconfigure.OptionalLiveReloadServer.startServer(OptionalLiveReloadServer.java:58) org.springframework.boot.devtools.autoconfigure.OptionalLiveReloadServer - LiveReload server is running on port 35729
[2022-03-20 15:27:47.694] [INFO ] org.springframework.data.elasticsearch.support.VersionInfo.logVersions(VersionInfo.java:62) org.springframework.data.elasticsearch.support.VersionInfo - Version Spring Data Elasticsearch: 4.2.6
[2022-03-20 15:27:47.694] [INFO ] org.springframework.data.elasticsearch.support.VersionInfo.logVersions(VersionInfo.java:63) org.springframework.data.elasticsearch.support.VersionInfo - Version Elasticsearch Client in build: 7.12.1
[2022-03-20 15:27:47.694] [INFO ] org.springframework.data.elasticsearch.support.VersionInfo.logVersions(VersionInfo.java:64) org.springframework.data.elasticsearch.support.VersionInfo - Version Elasticsearch Client used: 7.12.1
[2022-03-20 15:27:48.106] [INFO ] org.apache.juli.logging.DirectJDKLog.log(DirectJDKLog.java:173) org.apache.coyote.http11.Http11NioProtocol - Starting ProtocolHandler ["http-nio-8099"]
[2022-03-20 15:27:48.117] [INFO ] org.springframework.boot.web.embedded.tomcat.TomcatWebServer.start(TomcatWebServer.java:220) org.springframework.boot.web.embedded.tomcat.TomcatWebServer - Tomcat started on port(s): 8099 (http) with context path ''
[2022-03-20 15:27:48.278] [WARN ] springfox.documentation.swagger.readers.operation.OperationImplicitParameterReader.modelSpecification(OperationImplicitParameterReader.java:170) springfox.documentation.swagger.readers.operation.OperationImplicitParameterReader - Unable to interpret the implicit parameter configuration with dataType: , dataTypeClass: class java.lang.Void
[2022-03-20 15:27:48.281] [WARN ] springfox.documentation.swagger.readers.operation.OperationImplicitParameterReader.modelSpecification(OperationImplicitParameterReader.java:170) springfox.documentation.swagger.readers.operation.OperationImplicitParameterReader - Unable to interpret the implicit parameter configuration with dataType: , dataTypeClass: class java.lang.Void
[2022-03-20 15:27:48.306] [WARN ] springfox.documentation.swagger.readers.operation.OperationImplicitParameterReader.modelSpecification(OperationImplicitParameterReader.java:170) springfox.documentation.swagger.readers.operation.OperationImplicitParameterReader - Unable to interpret the implicit parameter configuration with dataType: String, dataTypeClass: class java.lang.Void
[2022-03-20 15:27:48.306] [WARN ] springfox.documentation.swagger.readers.operation.OperationImplicitParameterReader.modelSpecification(OperationImplicitParameterReader.java:170) springfox.documentation.swagger.readers.operation.OperationImplicitParameterReader - Unable to interpret the implicit parameter configuration with dataType: , dataTypeClass: class java.lang.Void
[2022-03-20 15:27:48.407] [WARN ] springfox.documentation.swagger.readers.operation.OperationImplicitParameterReader.modelSpecification(OperationImplicitParameterReader.java:170) springfox.documentation.swagger.readers.operation.OperationImplicitParameterReader - Unable to interpret the implicit parameter configuration with dataType: , dataTypeClass: class java.lang.Void
[2022-03-20 15:27:48.414] [WARN ] springfox.documentation.swagger.readers.operation.OperationImplicitParameterReader.modelSpecification(OperationImplicitParameterReader.java:170) springfox.documentation.swagger.readers.operation.OperationImplicitParameterReader - Unable to interpret the implicit parameter configuration with dataType: , dataTypeClass: class java.lang.Void
[2022-03-20 15:27:48.414] [WARN ] springfox.documentation.swagger.readers.operation.OperationImplicitParameterReader.modelSpecification(OperationImplicitParameterReader.java:170) springfox.documentation.swagger.readers.operation.OperationImplicitParameterReader - Unable to interpret the implicit parameter configuration with dataType: , dataTypeClass: class java.lang.Void
[2022-03-20 15:27:48.420] [WARN ] springfox.documentation.swagger.readers.operation.OperationImplicitParameterReader.modelSpecification(OperationImplicitParameterReader.java:170) springfox.documentation.swagger.readers.operation.OperationImplicitParameterReader - Unable to interpret the implicit parameter configuration with dataType: , dataTypeClass: class java.lang.Void
[2022-03-20 15:27:48.421] [WARN ] springfox.documentation.swagger.readers.operation.OperationImplicitParameterReader.modelSpecification(OperationImplicitParameterReader.java:170) springfox.documentation.swagger.readers.operation.OperationImplicitParameterReader - Unable to interpret the implicit parameter configuration with dataType: , dataTypeClass: class java.lang.Void
[2022-03-20 15:27:48.430] [WARN ] springfox.documentation.swagger.readers.operation.OperationImplicitParameterReader.modelSpecification(OperationImplicitParameterReader.java:170) springfox.documentation.swagger.readers.operation.OperationImplicitParameterReader - Unable to interpret the implicit parameter configuration with dataType: , dataTypeClass: class java.lang.Void
[2022-03-20 15:27:48.430] [WARN ] springfox.documentation.swagger.readers.operation.OperationImplicitParameterReader.modelSpecification(OperationImplicitParameterReader.java:170) springfox.documentation.swagger.readers.operation.OperationImplicitParameterReader - Unable to interpret the implicit parameter configuration with dataType: , dataTypeClass: class java.lang.Void
[2022-03-20 15:27:48.437] [WARN ] springfox.documentation.swagger.readers.operation.OperationImplicitParameterReader.modelSpecification(OperationImplicitParameterReader.java:170) springfox.documentation.swagger.readers.operation.OperationImplicitParameterReader - Unable to interpret the implicit parameter configuration with dataType: String, dataTypeClass: class java.lang.Void
[2022-03-20 15:27:48.437] [WARN ] springfox.documentation.swagger.readers.operation.OperationImplicitParameterReader.modelSpecification(OperationImplicitParameterReader.java:170) springfox.documentation.swagger.readers.operation.OperationImplicitParameterReader - Unable to interpret the implicit parameter configuration with dataType: , dataTypeClass: class java.lang.Void
[2022-03-20 15:27:48.475] [WARN ] springfox.documentation.swagger.readers.operation.OperationImplicitParameterReader.modelSpecification(OperationImplicitParameterReader.java:170) springfox.documentation.swagger.readers.operation.OperationImplicitParameterReader - Unable to interpret the implicit parameter configuration with dataType: , dataTypeClass: class java.lang.Void
[2022-03-20 15:27:48.479] [WARN ] springfox.documentation.swagger.readers.operation.OperationImplicitParameterReader.modelSpecification(OperationImplicitParameterReader.java:170) springfox.documentation.swagger.readers.operation.OperationImplicitParameterReader - Unable to interpret the implicit parameter configuration with dataType: , dataTypeClass: class java.lang.Void
[2022-03-20 15:27:48.480] [WARN ] springfox.documentation.swagger.readers.operation.OperationImplicitParameterReader.modelSpecification(OperationImplicitParameterReader.java:170) springfox.documentation.swagger.readers.operation.OperationImplicitParameterReader - Unable to interpret the implicit parameter configuration with dataType: , dataTypeClass: class java.lang.Void
[2022-03-20 15:27:48.487] [WARN ] springfox.documentation.swagger.readers.operation.OperationImplicitParameterReader.modelSpecification(OperationImplicitParameterReader.java:170) springfox.documentation.swagger.readers.operation.OperationImplicitParameterReader - Unable to interpret the implicit parameter configuration with dataType: , dataTypeClass: class java.lang.Void
[2022-03-20 15:27:48.487] [WARN ] springfox.documentation.swagger.readers.operation.OperationImplicitParameterReader.modelSpecification(OperationImplicitParameterReader.java:170) springfox.documentation.swagger.readers.operation.OperationImplicitParameterReader - Unable to interpret the implicit parameter configuration with dataType: , dataTypeClass: class java.lang.Void
[2022-03-20 15:27:48.488] [WARN ] springfox.documentation.swagger.readers.operation.OperationImplicitParameterReader.modelSpecification(OperationImplicitParameterReader.java:170) springfox.documentation.swagger.readers.operation.OperationImplicitParameterReader - Unable to interpret the implicit parameter configuration with dataType: , dataTypeClass: class java.lang.Void
[2022-03-20 15:27:48.492] [WARN ] springfox.documentation.swagger.readers.operation.OperationImplicitParameterReader.modelSpecification(OperationImplicitParameterReader.java:170) springfox.documentation.swagger.readers.operation.OperationImplicitParameterReader - Unable to interpret the implicit parameter configuration with dataType: , dataTypeClass: class java.lang.Void
[2022-03-20 15:27:48.493] [WARN ] springfox.documentation.swagger.readers.operation.OperationImplicitParameterReader.modelSpecification(OperationImplicitParameterReader.java:170) springfox.documentation.swagger.readers.operation.OperationImplicitParameterReader - Unable to interpret the implicit parameter configuration with dataType: , dataTypeClass: class java.lang.Void
[2022-03-20 15:27:48.529] [WARN ] springfox.documentation.swagger.readers.operation.OperationImplicitParameterReader.modelSpecification(OperationImplicitParameterReader.java:170) springfox.documentation.swagger.readers.operation.OperationImplicitParameterReader - Unable to interpret the implicit parameter configuration with dataType: , dataTypeClass: class java.lang.Void
[2022-03-20 15:27:48.585] [WARN ] springfox.documentation.swagger.readers.operation.OperationImplicitParameterReader.modelSpecification(OperationImplicitParameterReader.java:170) springfox.documentation.swagger.readers.operation.OperationImplicitParameterReader - Unable to interpret the implicit parameter configuration with dataType: , dataTypeClass: class java.lang.Void
[2022-03-20 15:27:48.591] [WARN ] springfox.documentation.swagger.readers.operation.OperationImplicitParameterReader.modelSpecification(OperationImplicitParameterReader.java:170) springfox.documentation.swagger.readers.operation.OperationImplicitParameterReader - Unable to interpret the implicit parameter configuration with dataType: , dataTypeClass: class java.lang.Void
[2022-03-20 15:27:48.591] [WARN ] springfox.documentation.swagger.readers.operation.OperationImplicitParameterReader.modelSpecification(OperationImplicitParameterReader.java:170) springfox.documentation.swagger.readers.operation.OperationImplicitParameterReader - Unable to interpret the implicit parameter configuration with dataType: , dataTypeClass: class java.lang.Void
[2022-03-20 15:27:48.599] [WARN ] springfox.documentation.swagger.readers.operation.OperationImplicitParameterReader.modelSpecification(OperationImplicitParameterReader.java:170) springfox.documentation.swagger.readers.operation.OperationImplicitParameterReader - Unable to interpret the implicit parameter configuration with dataType: , dataTypeClass: class java.lang.Void
[2022-03-20 15:27:48.599] [WARN ] springfox.documentation.swagger.readers.operation.OperationImplicitParameterReader.modelSpecification(OperationImplicitParameterReader.java:170) springfox.documentation.swagger.readers.operation.OperationImplicitParameterReader - Unable to interpret the implicit parameter configuration with dataType: , dataTypeClass: class java.lang.Void
[2022-03-20 15:27:48.606] [WARN ] springfox.documentation.swagger.readers.operation.OperationImplicitParameterReader.modelSpecification(OperationImplicitParameterReader.java:170) springfox.documentation.swagger.readers.operation.OperationImplicitParameterReader - Unable to interpret the implicit parameter configuration with dataType: , dataTypeClass: class java.lang.Void
[2022-03-20 15:27:48.606] [WARN ] springfox.documentation.swagger.readers.operation.OperationImplicitParameterReader.modelSpecification(OperationImplicitParameterReader.java:170) springfox.documentation.swagger.readers.operation.OperationImplicitParameterReader - Unable to interpret the implicit parameter configuration with dataType: , dataTypeClass: class java.lang.Void
[2022-03-20 15:27:48.607] [WARN ] springfox.documentation.swagger.readers.operation.OperationImplicitParameterReader.modelSpecification(OperationImplicitParameterReader.java:170) springfox.documentation.swagger.readers.operation.OperationImplicitParameterReader - Unable to interpret the implicit parameter configuration with dataType: , dataTypeClass: class java.lang.Void
[2022-03-20 15:27:48.648] [WARN ] springfox.documentation.swagger.readers.operation.OperationImplicitParameterReader.modelSpecification(OperationImplicitParameterReader.java:170) springfox.documentation.swagger.readers.operation.OperationImplicitParameterReader - Unable to interpret the implicit parameter configuration with dataType: , dataTypeClass: class java.lang.Void
[2022-03-20 15:27:48.648] [WARN ] springfox.documentation.swagger.readers.operation.OperationImplicitParameterReader.modelSpecification(OperationImplicitParameterReader.java:170) springfox.documentation.swagger.readers.operation.OperationImplicitParameterReader - Unable to interpret the implicit parameter configuration with dataType: , dataTypeClass: class java.lang.Void
[2022-03-20 15:27:48.657] [WARN ] springfox.documentation.swagger.readers.operation.OperationImplicitParameterReader.modelSpecification(OperationImplicitParameterReader.java:170) springfox.documentation.swagger.readers.operation.OperationImplicitParameterReader - Unable to interpret the implicit parameter configuration with dataType: , dataTypeClass: class java.lang.Void
[2022-03-20 15:27:48.657] [WARN ] springfox.documentation.swagger.readers.operation.OperationImplicitParameterReader.modelSpecification(OperationImplicitParameterReader.java:170) springfox.documentation.swagger.readers.operation.OperationImplicitParameterReader - Unable to interpret the implicit parameter configuration with dataType: , dataTypeClass: class java.lang.Void
[2022-03-20 15:27:48.662] [WARN ] springfox.documentation.swagger.readers.operation.OperationImplicitParameterReader.modelSpecification(OperationImplicitParameterReader.java:170) springfox.documentation.swagger.readers.operation.OperationImplicitParameterReader - Unable to interpret the implicit parameter configuration with dataType: , dataTypeClass: class java.lang.Void
[2022-03-20 15:27:48.663] [WARN ] springfox.documentation.swagger.readers.operation.OperationImplicitParameterReader.modelSpecification(OperationImplicitParameterReader.java:170) springfox.documentation.swagger.readers.operation.OperationImplicitParameterReader - Unable to interpret the implicit parameter configuration with dataType: , dataTypeClass: class java.lang.Void
[2022-03-20 15:27:48.668] [WARN ] springfox.documentation.swagger.readers.operation.OperationImplicitParameterReader.modelSpecification(OperationImplicitParameterReader.java:170) springfox.documentation.swagger.readers.operation.OperationImplicitParameterReader - Unable to interpret the implicit parameter configuration with dataType: , dataTypeClass: class java.lang.Void
[2022-03-20 15:27:48.676] [WARN ] springfox.documentation.swagger.readers.operation.OperationImplicitParameterReader.modelSpecification(OperationImplicitParameterReader.java:170) springfox.documentation.swagger.readers.operation.OperationImplicitParameterReader - Unable to interpret the implicit parameter configuration with dataType: , dataTypeClass: class java.lang.Void
[2022-03-20 15:27:48.682] [WARN ] springfox.documentation.swagger.readers.operation.OperationImplicitParameterReader.modelSpecification(OperationImplicitParameterReader.java:170) springfox.documentation.swagger.readers.operation.OperationImplicitParameterReader - Unable to interpret the implicit parameter configuration with dataType: , dataTypeClass: class java.lang.Void
[2022-03-20 15:27:48.682] [WARN ] springfox.documentation.swagger.readers.operation.OperationImplicitParameterReader.modelSpecification(OperationImplicitParameterReader.java:170) springfox.documentation.swagger.readers.operation.OperationImplicitParameterReader - Unable to interpret the implicit parameter configuration with dataType: , dataTypeClass: class java.lang.Void
[2022-03-20 15:27:48.688] [WARN ] springfox.documentation.swagger.readers.operation.OperationImplicitParameterReader.modelSpecification(OperationImplicitParameterReader.java:170) springfox.documentation.swagger.readers.operation.OperationImplicitParameterReader - Unable to interpret the implicit parameter configuration with dataType: , dataTypeClass: class java.lang.Void
[2022-03-20 15:27:48.689] [WARN ] springfox.documentation.swagger.readers.operation.OperationImplicitParameterReader.modelSpecification(OperationImplicitParameterReader.java:170) springfox.documentation.swagger.readers.operation.OperationImplicitParameterReader - Unable to interpret the implicit parameter configuration with dataType: , dataTypeClass: class java.lang.Void
[2022-03-20 15:27:48.689] [WARN ] springfox.documentation.swagger.readers.operation.OperationImplicitParameterReader.modelSpecification(OperationImplicitParameterReader.java:170) springfox.documentation.swagger.readers.operation.OperationImplicitParameterReader - Unable to interpret the implicit parameter configuration with dataType: , dataTypeClass: class java.lang.Void
[2022-03-20 15:27:48.695] [WARN ] springfox.documentation.swagger.readers.operation.OperationImplicitParameterReader.modelSpecification(OperationImplicitParameterReader.java:170) springfox.documentation.swagger.readers.operation.OperationImplicitParameterReader - Unable to interpret the implicit parameter configuration with dataType: , dataTypeClass: class java.lang.Void
[2022-03-20 15:27:48.695] [WARN ] springfox.documentation.swagger.readers.operation.OperationImplicitParameterReader.modelSpecification(OperationImplicitParameterReader.java:170) springfox.documentation.swagger.readers.operation.OperationImplicitParameterReader - Unable to interpret the implicit parameter configuration with dataType: , dataTypeClass: class java.lang.Void
[2022-03-20 15:27:48.728] [WARN ] springfox.documentation.swagger.readers.operation.OperationImplicitParameterReader.modelSpecification(OperationImplicitParameterReader.java:170) springfox.documentation.swagger.readers.operation.OperationImplicitParameterReader - Unable to interpret the implicit parameter configuration with dataType: , dataTypeClass: class java.lang.Void
[2022-03-20 15:27:48.733] [WARN ] springfox.documentation.swagger.readers.operation.OperationImplicitParameterReader.modelSpecification(OperationImplicitParameterReader.java:170) springfox.documentation.swagger.readers.operation.OperationImplicitParameterReader - Unable to interpret the implicit parameter configuration with dataType: , dataTypeClass: class java.lang.Void
[2022-03-20 15:27:48.734] [WARN ] springfox.documentation.swagger.readers.operation.OperationImplicitParameterReader.modelSpecification(OperationImplicitParameterReader.java:170) springfox.documentation.swagger.readers.operation.OperationImplicitParameterReader - Unable to interpret the implicit parameter configuration with dataType: , dataTypeClass: class java.lang.Void
[2022-03-20 15:27:48.739] [WARN ] springfox.documentation.swagger.readers.operation.OperationImplicitParameterReader.modelSpecification(OperationImplicitParameterReader.java:170) springfox.documentation.swagger.readers.operation.OperationImplicitParameterReader - Unable to interpret the implicit parameter configuration with dataType: , dataTypeClass: class java.lang.Void
[2022-03-20 15:27:48.740] [WARN ] springfox.documentation.swagger.readers.operation.OperationImplicitParameterReader.modelSpecification(OperationImplicitParameterReader.java:170) springfox.documentation.swagger.readers.operation.OperationImplicitParameterReader - Unable to interpret the implicit parameter configuration with dataType: , dataTypeClass: class java.lang.Void
[2022-03-20 15:27:48.740] [WARN ] springfox.documentation.swagger.readers.operation.OperationImplicitParameterReader.modelSpecification(OperationImplicitParameterReader.java:170) springfox.documentation.swagger.readers.operation.OperationImplicitParameterReader - Unable to interpret the implicit parameter configuration with dataType: , dataTypeClass: class java.lang.Void
[2022-03-20 15:27:48.747] [WARN ] springfox.documentation.swagger.readers.operation.OperationImplicitParameterReader.modelSpecification(OperationImplicitParameterReader.java:170) springfox.documentation.swagger.readers.operation.OperationImplicitParameterReader - Unable to interpret the implicit parameter configuration with dataType: , dataTypeClass: class java.lang.Void
[2022-03-20 15:27:48.747] [WARN ] springfox.documentation.swagger.readers.operation.OperationImplicitParameterReader.modelSpecification(OperationImplicitParameterReader.java:170) springfox.documentation.swagger.readers.operation.OperationImplicitParameterReader - Unable to interpret the implicit parameter configuration with dataType: , dataTypeClass: class java.lang.Void
[2022-03-20 15:27:48.753] [WARN ] springfox.documentation.swagger.readers.operation.OperationImplicitParameterReader.modelSpecification(OperationImplicitParameterReader.java:170) springfox.documentation.swagger.readers.operation.OperationImplicitParameterReader - Unable to interpret the implicit parameter configuration with dataType: , dataTypeClass: class java.lang.Void
[2022-03-20 15:27:48.754] [WARN ] springfox.documentation.swagger.readers.operation.OperationImplicitParameterReader.modelSpecification(OperationImplicitParameterReader.java:170) springfox.documentation.swagger.readers.operation.OperationImplicitParameterReader - Unable to interpret the implicit parameter configuration with dataType: , dataTypeClass: class java.lang.Void
[2022-03-20 15:27:48.754] [WARN ] springfox.documentation.swagger.readers.operation.OperationImplicitParameterReader.modelSpecification(OperationImplicitParameterReader.java:170) springfox.documentation.swagger.readers.operation.OperationImplicitParameterReader - Unable to interpret the implicit parameter configuration with dataType: , dataTypeClass: class java.lang.Void
[2022-03-20 15:27:48.763] [WARN ] springfox.documentation.swagger.readers.operation.OperationImplicitParameterReader.modelSpecification(OperationImplicitParameterReader.java:170) springfox.documentation.swagger.readers.operation.OperationImplicitParameterReader - Unable to interpret the implicit parameter configuration with dataType: , dataTypeClass: class java.lang.Void
[2022-03-20 15:27:48.764] [WARN ] springfox.documentation.swagger.readers.operation.OperationImplicitParameterReader.modelSpecification(OperationImplicitParameterReader.java:170) springfox.documentation.swagger.readers.operation.OperationImplicitParameterReader - Unable to interpret the implicit parameter configuration with dataType: , dataTypeClass: class java.lang.Void
[2022-03-20 15:27:48.769] [WARN ] springfox.documentation.swagger.readers.operation.OperationImplicitParameterReader.modelSpecification(OperationImplicitParameterReader.java:170) springfox.documentation.swagger.readers.operation.OperationImplicitParameterReader - Unable to interpret the implicit parameter configuration with dataType: , dataTypeClass: class java.lang.Void
[2022-03-20 15:27:48.769] [WARN ] springfox.documentation.swagger.readers.operation.OperationImplicitParameterReader.modelSpecification(OperationImplicitParameterReader.java:170) springfox.documentation.swagger.readers.operation.OperationImplicitParameterReader - Unable to interpret the implicit parameter configuration with dataType: , dataTypeClass: class java.lang.Void
[2022-03-20 15:27:48.807] [WARN ] springfox.documentation.swagger.readers.operation.OperationImplicitParameterReader.modelSpecification(OperationImplicitParameterReader.java:170) springfox.documentation.swagger.readers.operation.OperationImplicitParameterReader - Unable to interpret the implicit parameter configuration with dataType: , dataTypeClass: class java.lang.Void
[2022-03-20 15:27:48.843] [INFO ] org.springframework.boot.StartupInfoLogger.logStarted(StartupInfoLogger.java:61) com.bnuz.electronic_supermarket.ElectronicSupermarketApplication - Started ElectronicSupermarketApplication in 10.416 seconds (JVM running for 13.814)
[2022-03-20 15:29:15.153] [INFO ] org.apache.juli.logging.DirectJDKLog.log(DirectJDKLog.java:173) org.apache.catalina.core.ContainerBase.[Tomcat].[localhost].[/] - Initializing Spring DispatcherServlet 'dispatcherServlet'
[2022-03-20 15:29:15.153] [INFO ] org.springframework.web.servlet.FrameworkServlet.initServletBean(FrameworkServlet.java:525) org.springframework.web.servlet.DispatcherServlet - Initializing Servlet 'dispatcherServlet'
[2022-03-20 15:29:15.158] [INFO ] org.springframework.web.servlet.FrameworkServlet.initServletBean(FrameworkServlet.java:547) org.springframework.web.servlet.DispatcherServlet - Completed initialization in 4 ms
[2022-03-20 15:29:15.180] [INFO ] com.bnuz.electronic_supermarket.Interceptor.LoginInterceptor.preHandle(LoginInterceptor.java:57) com.bnuz.electronic_supermarket.Interceptor.LoginInterceptor - 客户端:主机名:127.0.0.1,IP:127.0.0.1  访问  服务器端:IP:127.0.0.1,请求资源名称:/product/create
[2022-03-20 15:29:15.198] [ERROR] org.apache.juli.logging.DirectJDKLog.log(DirectJDKLog.java:175) org.apache.catalina.core.ContainerBase.[Tomcat].[localhost].[/].[dispatcherServlet] - Servlet.service() for servlet [dispatcherServlet] in context with path [] threw exception [Request processing failed; nested exception is cn.dev33.satoken.exception.NotLoginException: Token无效：45e3d0195b784caa8f8ac0dff1e7f0fe] with root cause
cn.dev33.satoken.exception.NotLoginException: Token无效：45e3d0195b784caa8f8ac0dff1e7f0fe
	at cn.dev33.satoken.exception.NotLoginException.newInstance(NotLoginException.java:137) ~[sa-token-core-1.29.0.jar:?]
	at cn.dev33.satoken.stp.StpLogic.getLoginId(StpLogic.java:576) ~[sa-token-core-1.29.0.jar:?]
	at cn.dev33.satoken.stp.StpLogic.checkLogin(StpLogic.java:556) ~[sa-token-core-1.29.0.jar:?]
	at cn.dev33.satoken.stp.StpLogic.checkByAnnotation(StpLogic.java:1467) ~[sa-token-core-1.29.0.jar:?]
	at cn.dev33.satoken.action.SaTokenActionDefaultImpl.validateAnnotation(SaTokenActionDefaultImpl.java:121) ~[sa-token-core-1.29.0.jar:?]
	at cn.dev33.satoken.strategy.SaStrategy.lambda$new$4(SaStrategy.java:88) ~[sa-token-core-1.29.0.jar:?]
	at cn.dev33.satoken.strategy.SaStrategy.lambda$new$3(SaStrategy.java:79) ~[sa-token-core-1.29.0.jar:?]
	at cn.dev33.satoken.interceptor.SaAnnotationInterceptor.preHandle(SaAnnotationInterceptor.java:40) ~[sa-token-spring-boot-starter-1.29.0.jar:?]
	at org.springframework.web.servlet.HandlerExecutionChain.applyPreHandle(HandlerExecutionChain.java:148) ~[spring-webmvc-5.3.12.jar:5.3.12]
	at org.springframework.web.servlet.DispatcherServlet.doDispatch(DispatcherServlet.java:1062) ~[spring-webmvc-5.3.12.jar:5.3.12]
	at org.springframework.web.servlet.DispatcherServlet.doService(DispatcherServlet.java:963) ~[spring-webmvc-5.3.12.jar:5.3.12]
	at org.springframework.web.servlet.FrameworkServlet.processRequest(FrameworkServlet.java:1006) ~[spring-webmvc-5.3.12.jar:5.3.12]
	at org.springframework.web.servlet.FrameworkServlet.doPost(FrameworkServlet.java:909) ~[spring-webmvc-5.3.12.jar:5.3.12]
	at javax.servlet.http.HttpServlet.service(HttpServlet.java:681) ~[tomcat-embed-core-9.0.54.jar:4.0.FR]
	at org.springframework.web.servlet.FrameworkServlet.service(FrameworkServlet.java:883) ~[spring-webmvc-5.3.12.jar:5.3.12]
	at javax.servlet.http.HttpServlet.service(HttpServlet.java:764) ~[tomcat-embed-core-9.0.54.jar:4.0.FR]
	at org.apache.catalina.core.ApplicationFilterChain.internalDoFilter(ApplicationFilterChain.java:227) ~[tomcat-embed-core-9.0.54.jar:9.0.54]
	at org.apache.catalina.core.ApplicationFilterChain.doFilter(ApplicationFilterChain.java:162) ~[tomcat-embed-core-9.0.54.jar:9.0.54]
	at org.apache.tomcat.websocket.server.WsFilter.doFilter(WsFilter.java:53) ~[tomcat-embed-websocket-9.0.54.jar:9.0.54]
	at org.apache.catalina.core.ApplicationFilterChain.internalDoFilter(ApplicationFilterChain.java:189) ~[tomcat-embed-core-9.0.54.jar:9.0.54]
	at org.apache.catalina.core.ApplicationFilterChain.doFilter(ApplicationFilterChain.java:162) ~[tomcat-embed-core-9.0.54.jar:9.0.54]
	at com.alibaba.druid.support.http.WebStatFilter.doFilter(WebStatFilter.java:124) ~[druid-1.1.22.jar:1.1.22]
	at org.apache.catalina.core.ApplicationFilterChain.internalDoFilter(ApplicationFilterChain.java:189) ~[tomcat-embed-core-9.0.54.jar:9.0.54]
	at org.apache.catalina.core.ApplicationFilterChain.doFilter(ApplicationFilterChain.java:162) ~[tomcat-embed-core-9.0.54.jar:9.0.54]
	at org.springframework.web.filter.RequestContextFilter.doFilterInternal(RequestContextFilter.java:100) ~[spring-web-5.3.12.jar:5.3.12]
	at org.springframework.web.filter.OncePerRequestFilter.doFilter(OncePerRequestFilter.java:119) ~[spring-web-5.3.12.jar:5.3.12]
	at org.apache.catalina.core.ApplicationFilterChain.internalDoFilter(ApplicationFilterChain.java:189) ~[tomcat-embed-core-9.0.54.jar:9.0.54]
	at org.apache.catalina.core.ApplicationFilterChain.doFilter(ApplicationFilterChain.java:162) ~[tomcat-embed-core-9.0.54.jar:9.0.54]
	at org.springframework.web.filter.FormContentFilter.doFilterInternal(FormContentFilter.java:93) ~[spring-web-5.3.12.jar:5.3.12]
	at org.springframework.web.filter.OncePerRequestFilter.doFilter(OncePerRequestFilter.java:119) ~[spring-web-5.3.12.jar:5.3.12]
	at org.apache.catalina.core.ApplicationFilterChain.internalDoFilter(ApplicationFilterChain.java:189) ~[tomcat-embed-core-9.0.54.jar:9.0.54]
	at org.apache.catalina.core.ApplicationFilterChain.doFilter(ApplicationFilterChain.java:162) ~[tomcat-embed-core-9.0.54.jar:9.0.54]
	at org.springframework.web.filter.CharacterEncodingFilter.doFilterInternal(CharacterEncodingFilter.java:201) ~[spring-web-5.3.12.jar:5.3.12]
	at org.springframework.web.filter.OncePerRequestFilter.doFilter(OncePerRequestFilter.java:119) ~[spring-web-5.3.12.jar:5.3.12]
	at org.apache.catalina.core.ApplicationFilterChain.internalDoFilter(ApplicationFilterChain.java:189) ~[tomcat-embed-core-9.0.54.jar:9.0.54]
	at org.apache.catalina.core.ApplicationFilterChain.doFilter(ApplicationFilterChain.java:162) ~[tomcat-embed-core-9.0.54.jar:9.0.54]
	at org.apache.catalina.core.StandardWrapperValve.invoke(StandardWrapperValve.java:197) [tomcat-embed-core-9.0.54.jar:9.0.54]
	at org.apache.catalina.core.StandardContextValve.invoke(StandardContextValve.java:97) [tomcat-embed-core-9.0.54.jar:9.0.54]
	at org.apache.catalina.authenticator.AuthenticatorBase.invoke(AuthenticatorBase.java:540) [tomcat-embed-core-9.0.54.jar:9.0.54]
	at org.apache.catalina.core.StandardHostValve.invoke(StandardHostValve.java:135) [tomcat-embed-core-9.0.54.jar:9.0.54]
	at org.apache.catalina.valves.ErrorReportValve.invoke(ErrorReportValve.java:92) [tomcat-embed-core-9.0.54.jar:9.0.54]
	at org.apache.catalina.core.StandardEngineValve.invoke(StandardEngineValve.java:78) [tomcat-embed-core-9.0.54.jar:9.0.54]
	at org.apache.catalina.connector.CoyoteAdapter.service(CoyoteAdapter.java:357) [tomcat-embed-core-9.0.54.jar:9.0.54]
	at org.apache.coyote.http11.Http11Processor.service(Http11Processor.java:382) [tomcat-embed-core-9.0.54.jar:9.0.54]
	at org.apache.coyote.AbstractProcessorLight.process(AbstractProcessorLight.java:65) [tomcat-embed-core-9.0.54.jar:9.0.54]
	at org.apache.coyote.AbstractProtocol$ConnectionHandler.process(AbstractProtocol.java:895) [tomcat-embed-core-9.0.54.jar:9.0.54]
	at org.apache.tomcat.util.net.NioEndpoint$SocketProcessor.doRun(NioEndpoint.java:1722) [tomcat-embed-core-9.0.54.jar:9.0.54]
	at org.apache.tomcat.util.net.SocketProcessorBase.run(SocketProcessorBase.java:49) [tomcat-embed-core-9.0.54.jar:9.0.54]
	at org.apache.tomcat.util.threads.ThreadPoolExecutor.runWorker(ThreadPoolExecutor.java:1191) [tomcat-embed-core-9.0.54.jar:9.0.54]
	at org.apache.tomcat.util.threads.ThreadPoolExecutor$Worker.run(ThreadPoolExecutor.java:659) [tomcat-embed-core-9.0.54.jar:9.0.54]
	at org.apache.tomcat.util.threads.TaskThread$WrappingRunnable.run(TaskThread.java:61) [tomcat-embed-core-9.0.54.jar:9.0.54]
	at java.lang.Thread.run(Thread.java:748) [?:1.8.0_251]
[2022-03-20 15:29:48.630] [INFO ] com.bnuz.electronic_supermarket.Interceptor.LoginInterceptor.preHandle(LoginInterceptor.java:57) com.bnuz.electronic_supermarket.Interceptor.LoginInterceptor - 客户端:主机名:127.0.0.1,IP:127.0.0.1  访问  服务器端:IP:127.0.0.1,请求资源名称:/product/create
[2022-03-20 15:29:48.851] [INFO ] com.bnuz.electronic_supermarket.product.service.Impl.ProductServiceImpl.save(ProductServiceImpl.java:149) com.bnuz.electronic_supermarket.product.service.Impl.ProductServiceImpl - 无aaa该分类,请先创建该分类
[2022-03-20 15:30:26.275] [INFO ] com.bnuz.electronic_supermarket.Interceptor.LoginInterceptor.preHandle(LoginInterceptor.java:57) com.bnuz.electronic_supermarket.Interceptor.LoginInterceptor - 客户端:主机名:127.0.0.1,IP:127.0.0.1  访问  服务器端:IP:127.0.0.1,请求资源名称:/product/create
[2022-03-20 15:31:56.946] [INFO ] com.bnuz.electronic_supermarket.Interceptor.LoginInterceptor.preHandle(LoginInterceptor.java:57) com.bnuz.electronic_supermarket.Interceptor.LoginInterceptor - 客户端:主机名:127.0.0.1,IP:127.0.0.1  访问  服务器端:IP:127.0.0.1,请求资源名称:/product/put
[2022-03-20 15:31:56.953] [WARN ] org.springframework.web.servlet.handler.AbstractHandlerExceptionResolver.logException(AbstractHandlerExceptionResolver.java:208) org.springframework.web.servlet.mvc.support.DefaultHandlerExceptionResolver - Resolved [org.springframework.http.converter.HttpMessageNotReadableException: JSON parse error: Unexpected character ('}' (code 125)): was expecting double-quote to start field name; nested exception is com.fasterxml.jackson.core.JsonParseException: Unexpected character ('}' (code 125)): was expecting double-quote to start field name<LF> at [Source: (PushbackInputStream); line: 5, column: 2]]
[2022-03-20 15:32:07.397] [INFO ] com.bnuz.electronic_supermarket.Interceptor.LoginInterceptor.preHandle(LoginInterceptor.java:57) com.bnuz.electronic_supermarket.Interceptor.LoginInterceptor - 客户端:主机名:127.0.0.1,IP:127.0.0.1  访问  服务器端:IP:127.0.0.1,请求资源名称:/product/put
[2022-03-20 15:32:23.238] [INFO ] com.bnuz.electronic_supermarket.Interceptor.LoginInterceptor.preHandle(LoginInterceptor.java:61) com.bnuz.electronic_supermarket.Interceptor.LoginInterceptor - 未携带token
[2022-03-20 15:32:23.239] [ERROR] org.apache.juli.logging.DirectJDKLog.log(DirectJDKLog.java:175) org.apache.catalina.core.ContainerBase.[Tomcat].[localhost].[/].[dispatcherServlet] - Servlet.service() for servlet [dispatcherServlet] in context with path [] threw exception [Request processing failed; nested exception is com.bnuz.electronic_supermarket.common.exception.MsgException: 未携带token] with root cause
com.bnuz.electronic_supermarket.common.exception.MsgException: 未携带token
	at com.bnuz.electronic_supermarket.Interceptor.LoginInterceptor.preHandle(LoginInterceptor.java:49) ~[classes/:?]
	at org.springframework.web.servlet.HandlerExecutionChain.applyPreHandle(HandlerExecutionChain.java:148) ~[spring-webmvc-5.3.12.jar:5.3.12]
	at org.springframework.web.servlet.DispatcherServlet.doDispatch(DispatcherServlet.java:1062) ~[spring-webmvc-5.3.12.jar:5.3.12]
	at org.springframework.web.servlet.DispatcherServlet.doService(DispatcherServlet.java:963) ~[spring-webmvc-5.3.12.jar:5.3.12]
	at org.springframework.web.servlet.FrameworkServlet.processRequest(FrameworkServlet.java:1006) ~[spring-webmvc-5.3.12.jar:5.3.12]
	at org.springframework.web.servlet.FrameworkServlet.doGet(FrameworkServlet.java:898) ~[spring-webmvc-5.3.12.jar:5.3.12]
	at javax.servlet.http.HttpServlet.service(HttpServlet.java:655) ~[tomcat-embed-core-9.0.54.jar:4.0.FR]
	at org.springframework.web.servlet.FrameworkServlet.service(FrameworkServlet.java:883) ~[spring-webmvc-5.3.12.jar:5.3.12]
	at javax.servlet.http.HttpServlet.service(HttpServlet.java:764) ~[tomcat-embed-core-9.0.54.jar:4.0.FR]
	at org.apache.catalina.core.ApplicationFilterChain.internalDoFilter(ApplicationFilterChain.java:227) ~[tomcat-embed-core-9.0.54.jar:9.0.54]
	at org.apache.catalina.core.ApplicationFilterChain.doFilter(ApplicationFilterChain.java:162) ~[tomcat-embed-core-9.0.54.jar:9.0.54]
	at org.apache.tomcat.websocket.server.WsFilter.doFilter(WsFilter.java:53) ~[tomcat-embed-websocket-9.0.54.jar:9.0.54]
	at org.apache.catalina.core.ApplicationFilterChain.internalDoFilter(ApplicationFilterChain.java:189) ~[tomcat-embed-core-9.0.54.jar:9.0.54]
	at org.apache.catalina.core.ApplicationFilterChain.doFilter(ApplicationFilterChain.java:162) ~[tomcat-embed-core-9.0.54.jar:9.0.54]
	at com.alibaba.druid.support.http.WebStatFilter.doFilter(WebStatFilter.java:124) ~[druid-1.1.22.jar:1.1.22]
	at org.apache.catalina.core.ApplicationFilterChain.internalDoFilter(ApplicationFilterChain.java:189) ~[tomcat-embed-core-9.0.54.jar:9.0.54]
	at org.apache.catalina.core.ApplicationFilterChain.doFilter(ApplicationFilterChain.java:162) ~[tomcat-embed-core-9.0.54.jar:9.0.54]
	at org.springframework.web.filter.RequestContextFilter.doFilterInternal(RequestContextFilter.java:100) ~[spring-web-5.3.12.jar:5.3.12]
	at org.springframework.web.filter.OncePerRequestFilter.doFilter(OncePerRequestFilter.java:119) ~[spring-web-5.3.12.jar:5.3.12]
	at org.apache.catalina.core.ApplicationFilterChain.internalDoFilter(ApplicationFilterChain.java:189) ~[tomcat-embed-core-9.0.54.jar:9.0.54]
	at org.apache.catalina.core.ApplicationFilterChain.doFilter(ApplicationFilterChain.java:162) ~[tomcat-embed-core-9.0.54.jar:9.0.54]
	at org.springframework.web.filter.FormContentFilter.doFilterInternal(FormContentFilter.java:93) ~[spring-web-5.3.12.jar:5.3.12]
	at org.springframework.web.filter.OncePerRequestFilter.doFilter(OncePerRequestFilter.java:119) ~[spring-web-5.3.12.jar:5.3.12]
	at org.apache.catalina.core.ApplicationFilterChain.internalDoFilter(ApplicationFilterChain.java:189) ~[tomcat-embed-core-9.0.54.jar:9.0.54]
	at org.apache.catalina.core.ApplicationFilterChain.doFilter(ApplicationFilterChain.java:162) ~[tomcat-embed-core-9.0.54.jar:9.0.54]
	at org.springframework.web.filter.CharacterEncodingFilter.doFilterInternal(CharacterEncodingFilter.java:201) ~[spring-web-5.3.12.jar:5.3.12]
	at org.springframework.web.filter.OncePerRequestFilter.doFilter(OncePerRequestFilter.java:119) ~[spring-web-5.3.12.jar:5.3.12]
	at org.apache.catalina.core.ApplicationFilterChain.internalDoFilter(ApplicationFilterChain.java:189) ~[tomcat-embed-core-9.0.54.jar:9.0.54]
	at org.apache.catalina.core.ApplicationFilterChain.doFilter(ApplicationFilterChain.java:162) ~[tomcat-embed-core-9.0.54.jar:9.0.54]
	at org.apache.catalina.core.StandardWrapperValve.invoke(StandardWrapperValve.java:197) [tomcat-embed-core-9.0.54.jar:9.0.54]
	at org.apache.catalina.core.StandardContextValve.invoke(StandardContextValve.java:97) [tomcat-embed-core-9.0.54.jar:9.0.54]
	at org.apache.catalina.authenticator.AuthenticatorBase.invoke(AuthenticatorBase.java:540) [tomcat-embed-core-9.0.54.jar:9.0.54]
	at org.apache.catalina.core.StandardHostValve.invoke(StandardHostValve.java:135) [tomcat-embed-core-9.0.54.jar:9.0.54]
	at org.apache.catalina.valves.ErrorReportValve.invoke(ErrorReportValve.java:92) [tomcat-embed-core-9.0.54.jar:9.0.54]
	at org.apache.catalina.core.StandardEngineValve.invoke(StandardEngineValve.java:78) [tomcat-embed-core-9.0.54.jar:9.0.54]
	at org.apache.catalina.connector.CoyoteAdapter.service(CoyoteAdapter.java:357) [tomcat-embed-core-9.0.54.jar:9.0.54]
	at org.apache.coyote.http11.Http11Processor.service(Http11Processor.java:382) [tomcat-embed-core-9.0.54.jar:9.0.54]
	at org.apache.coyote.AbstractProcessorLight.process(AbstractProcessorLight.java:65) [tomcat-embed-core-9.0.54.jar:9.0.54]
	at org.apache.coyote.AbstractProtocol$ConnectionHandler.process(AbstractProtocol.java:895) [tomcat-embed-core-9.0.54.jar:9.0.54]
	at org.apache.tomcat.util.net.NioEndpoint$SocketProcessor.doRun(NioEndpoint.java:1722) [tomcat-embed-core-9.0.54.jar:9.0.54]
	at org.apache.tomcat.util.net.SocketProcessorBase.run(SocketProcessorBase.java:49) [tomcat-embed-core-9.0.54.jar:9.0.54]
	at org.apache.tomcat.util.threads.ThreadPoolExecutor.runWorker(ThreadPoolExecutor.java:1191) [tomcat-embed-core-9.0.54.jar:9.0.54]
	at org.apache.tomcat.util.threads.ThreadPoolExecutor$Worker.run(ThreadPoolExecutor.java:659) [tomcat-embed-core-9.0.54.jar:9.0.54]
	at org.apache.tomcat.util.threads.TaskThread$WrappingRunnable.run(TaskThread.java:61) [tomcat-embed-core-9.0.54.jar:9.0.54]
	at java.lang.Thread.run(Thread.java:748) [?:1.8.0_251]
[2022-03-20 15:32:42.192] [INFO ] com.bnuz.electronic_supermarket.Interceptor.LoginInterceptor.preHandle(LoginInterceptor.java:61) com.bnuz.electronic_supermarket.Interceptor.LoginInterceptor - 未携带token
[2022-03-20 15:32:42.192] [ERROR] org.apache.juli.logging.DirectJDKLog.log(DirectJDKLog.java:175) org.apache.catalina.core.ContainerBase.[Tomcat].[localhost].[/].[dispatcherServlet] - Servlet.service() for servlet [dispatcherServlet] in context with path [] threw exception [Request processing failed; nested exception is com.bnuz.electronic_supermarket.common.exception.MsgException: 未携带token] with root cause
com.bnuz.electronic_supermarket.common.exception.MsgException: 未携带token
	at com.bnuz.electronic_supermarket.Interceptor.LoginInterceptor.preHandle(LoginInterceptor.java:49) ~[classes/:?]
	at org.springframework.web.servlet.HandlerExecutionChain.applyPreHandle(HandlerExecutionChain.java:148) ~[spring-webmvc-5.3.12.jar:5.3.12]
	at org.springframework.web.servlet.DispatcherServlet.doDispatch(DispatcherServlet.java:1062) ~[spring-webmvc-5.3.12.jar:5.3.12]
	at org.springframework.web.servlet.DispatcherServlet.doService(DispatcherServlet.java:963) ~[spring-webmvc-5.3.12.jar:5.3.12]
	at org.springframework.web.servlet.FrameworkServlet.processRequest(FrameworkServlet.java:1006) ~[spring-webmvc-5.3.12.jar:5.3.12]
	at org.springframework.web.servlet.FrameworkServlet.doGet(FrameworkServlet.java:898) ~[spring-webmvc-5.3.12.jar:5.3.12]
	at javax.servlet.http.HttpServlet.service(HttpServlet.java:655) ~[tomcat-embed-core-9.0.54.jar:4.0.FR]
	at org.springframework.web.servlet.FrameworkServlet.service(FrameworkServlet.java:883) ~[spring-webmvc-5.3.12.jar:5.3.12]
	at javax.servlet.http.HttpServlet.service(HttpServlet.java:764) ~[tomcat-embed-core-9.0.54.jar:4.0.FR]
	at org.apache.catalina.core.ApplicationFilterChain.internalDoFilter(ApplicationFilterChain.java:227) ~[tomcat-embed-core-9.0.54.jar:9.0.54]
	at org.apache.catalina.core.ApplicationFilterChain.doFilter(ApplicationFilterChain.java:162) ~[tomcat-embed-core-9.0.54.jar:9.0.54]
	at org.apache.tomcat.websocket.server.WsFilter.doFilter(WsFilter.java:53) ~[tomcat-embed-websocket-9.0.54.jar:9.0.54]
	at org.apache.catalina.core.ApplicationFilterChain.internalDoFilter(ApplicationFilterChain.java:189) ~[tomcat-embed-core-9.0.54.jar:9.0.54]
	at org.apache.catalina.core.ApplicationFilterChain.doFilter(ApplicationFilterChain.java:162) ~[tomcat-embed-core-9.0.54.jar:9.0.54]
	at com.alibaba.druid.support.http.WebStatFilter.doFilter(WebStatFilter.java:124) ~[druid-1.1.22.jar:1.1.22]
	at org.apache.catalina.core.ApplicationFilterChain.internalDoFilter(ApplicationFilterChain.java:189) ~[tomcat-embed-core-9.0.54.jar:9.0.54]
	at org.apache.catalina.core.ApplicationFilterChain.doFilter(ApplicationFilterChain.java:162) ~[tomcat-embed-core-9.0.54.jar:9.0.54]
	at org.springframework.web.filter.RequestContextFilter.doFilterInternal(RequestContextFilter.java:100) ~[spring-web-5.3.12.jar:5.3.12]
	at org.springframework.web.filter.OncePerRequestFilter.doFilter(OncePerRequestFilter.java:119) ~[spring-web-5.3.12.jar:5.3.12]
	at org.apache.catalina.core.ApplicationFilterChain.internalDoFilter(ApplicationFilterChain.java:189) ~[tomcat-embed-core-9.0.54.jar:9.0.54]
	at org.apache.catalina.core.ApplicationFilterChain.doFilter(ApplicationFilterChain.java:162) ~[tomcat-embed-core-9.0.54.jar:9.0.54]
	at org.springframework.web.filter.FormContentFilter.doFilterInternal(FormContentFilter.java:93) ~[spring-web-5.3.12.jar:5.3.12]
	at org.springframework.web.filter.OncePerRequestFilter.doFilter(OncePerRequestFilter.java:119) ~[spring-web-5.3.12.jar:5.3.12]
	at org.apache.catalina.core.ApplicationFilterChain.internalDoFilter(ApplicationFilterChain.java:189) ~[tomcat-embed-core-9.0.54.jar:9.0.54]
	at org.apache.catalina.core.ApplicationFilterChain.doFilter(ApplicationFilterChain.java:162) ~[tomcat-embed-core-9.0.54.jar:9.0.54]
	at org.springframework.web.filter.CharacterEncodingFilter.doFilterInternal(CharacterEncodingFilter.java:201) ~[spring-web-5.3.12.jar:5.3.12]
	at org.springframework.web.filter.OncePerRequestFilter.doFilter(OncePerRequestFilter.java:119) ~[spring-web-5.3.12.jar:5.3.12]
	at org.apache.catalina.core.ApplicationFilterChain.internalDoFilter(ApplicationFilterChain.java:189) ~[tomcat-embed-core-9.0.54.jar:9.0.54]
	at org.apache.catalina.core.ApplicationFilterChain.doFilter(ApplicationFilterChain.java:162) ~[tomcat-embed-core-9.0.54.jar:9.0.54]
	at org.apache.catalina.core.StandardWrapperValve.invoke(StandardWrapperValve.java:197) [tomcat-embed-core-9.0.54.jar:9.0.54]
	at org.apache.catalina.core.StandardContextValve.invoke(StandardContextValve.java:97) [tomcat-embed-core-9.0.54.jar:9.0.54]
	at org.apache.catalina.authenticator.AuthenticatorBase.invoke(AuthenticatorBase.java:540) [tomcat-embed-core-9.0.54.jar:9.0.54]
	at org.apache.catalina.core.StandardHostValve.invoke(StandardHostValve.java:135) [tomcat-embed-core-9.0.54.jar:9.0.54]
	at org.apache.catalina.valves.ErrorReportValve.invoke(ErrorReportValve.java:92) [tomcat-embed-core-9.0.54.jar:9.0.54]
	at org.apache.catalina.core.StandardEngineValve.invoke(StandardEngineValve.java:78) [tomcat-embed-core-9.0.54.jar:9.0.54]
	at org.apache.catalina.connector.CoyoteAdapter.service(CoyoteAdapter.java:357) [tomcat-embed-core-9.0.54.jar:9.0.54]
	at org.apache.coyote.http11.Http11Processor.service(Http11Processor.java:382) [tomcat-embed-core-9.0.54.jar:9.0.54]
	at org.apache.coyote.AbstractProcessorLight.process(AbstractProcessorLight.java:65) [tomcat-embed-core-9.0.54.jar:9.0.54]
	at org.apache.coyote.AbstractProtocol$ConnectionHandler.process(AbstractProtocol.java:895) [tomcat-embed-core-9.0.54.jar:9.0.54]
	at org.apache.tomcat.util.net.NioEndpoint$SocketProcessor.doRun(NioEndpoint.java:1722) [tomcat-embed-core-9.0.54.jar:9.0.54]
	at org.apache.tomcat.util.net.SocketProcessorBase.run(SocketProcessorBase.java:49) [tomcat-embed-core-9.0.54.jar:9.0.54]
	at org.apache.tomcat.util.threads.ThreadPoolExecutor.runWorker(ThreadPoolExecutor.java:1191) [tomcat-embed-core-9.0.54.jar:9.0.54]
	at org.apache.tomcat.util.threads.ThreadPoolExecutor$Worker.run(ThreadPoolExecutor.java:659) [tomcat-embed-core-9.0.54.jar:9.0.54]
	at org.apache.tomcat.util.threads.TaskThread$WrappingRunnable.run(TaskThread.java:61) [tomcat-embed-core-9.0.54.jar:9.0.54]
	at java.lang.Thread.run(Thread.java:748) [?:1.8.0_251]
