[2022-03-20 14:32:39.843] [INFO ] org.hibernate.validator.internal.util.Version.<clinit>(Version.java:21) org.hibernate.validator.internal.util.Version - HV000001: Hibernate Validator 6.2.0.Final
[2022-03-20 14:32:39.867] [INFO ] org.springframework.boot.StartupInfoLogger.logStarting(StartupInfoLogger.java:55) com.bnuz.electronic_supermarket.ElectronicSupermarketApplication - Starting ElectronicSupermarketApplication using Java 1.8.0_251 on LAPTOP-T0L5AU5O with PID 2748 (D:\SeniorCourse\毕业设计\毕设作品电子商城\target\classes started by AEO WUGUOZHI in D:\SeniorCourse\毕业设计\毕设作品电子商城)
[2022-03-20 14:32:39.870] [INFO ] org.springframework.boot.SpringApplication.logStartupProfileInfo(SpringApplication.java:659) com.bnuz.electronic_supermarket.ElectronicSupermarketApplication - No active profile set, falling back to default profiles: default
[2022-03-20 14:32:39.907] [INFO ] org.springframework.boot.logging.DeferredLog.logTo(DeferredLog.java:255) org.springframework.boot.devtools.env.DevToolsPropertyDefaultsPostProcessor - Devtools property defaults active! Set 'spring.devtools.add-properties' to 'false' to disable
[2022-03-20 14:32:39.908] [INFO ] org.springframework.boot.logging.DeferredLog.logTo(DeferredLog.java:255) org.springframework.boot.devtools.env.DevToolsPropertyDefaultsPostProcessor - For additional web related logging consider setting the 'logging.level.web' property to 'DEBUG'
[2022-03-20 14:32:40.919] [INFO ] org.springframework.data.repository.config.RepositoryConfigurationDelegate.multipleStoresDetected(RepositoryConfigurationDelegate.java:262) org.springframework.data.repository.config.RepositoryConfigurationDelegate - Multiple Spring Data modules found, entering strict repository configuration mode!
[2022-03-20 14:32:40.921] [INFO ] org.springframework.data.repository.config.RepositoryConfigurationDelegate.registerRepositoriesIn(RepositoryConfigurationDelegate.java:132) org.springframework.data.repository.config.RepositoryConfigurationDelegate - Bootstrapping Spring Data Elasticsearch repositories in DEFAULT mode.
[2022-03-20 14:32:40.955] [INFO ] org.springframework.data.repository.config.RepositoryConfigurationDelegate.registerRepositoriesIn(RepositoryConfigurationDelegate.java:201) org.springframework.data.repository.config.RepositoryConfigurationDelegate - Finished Spring Data repository scanning in 30 ms. Found 0 Elasticsearch repository interfaces.
[2022-03-20 14:32:40.958] [INFO ] org.springframework.data.repository.config.RepositoryConfigurationDelegate.multipleStoresDetected(RepositoryConfigurationDelegate.java:262) org.springframework.data.repository.config.RepositoryConfigurationDelegate - Multiple Spring Data modules found, entering strict repository configuration mode!
[2022-03-20 14:32:40.958] [INFO ] org.springframework.data.repository.config.RepositoryConfigurationDelegate.registerRepositoriesIn(RepositoryConfigurationDelegate.java:132) org.springframework.data.repository.config.RepositoryConfigurationDelegate - Bootstrapping Spring Data Reactive Elasticsearch repositories in DEFAULT mode.
[2022-03-20 14:32:40.981] [INFO ] org.springframework.data.repository.config.RepositoryConfigurationDelegate.registerRepositoriesIn(RepositoryConfigurationDelegate.java:201) org.springframework.data.repository.config.RepositoryConfigurationDelegate - Finished Spring Data repository scanning in 22 ms. Found 0 Reactive Elasticsearch repository interfaces.
[2022-03-20 14:32:40.997] [INFO ] org.springframework.data.repository.config.RepositoryConfigurationDelegate.multipleStoresDetected(RepositoryConfigurationDelegate.java:262) org.springframework.data.repository.config.RepositoryConfigurationDelegate - Multiple Spring Data modules found, entering strict repository configuration mode!
[2022-03-20 14:32:40.997] [INFO ] org.springframework.data.repository.config.RepositoryConfigurationDelegate.registerRepositoriesIn(RepositoryConfigurationDelegate.java:132) org.springframework.data.repository.config.RepositoryConfigurationDelegate - Bootstrapping Spring Data JDBC repositories in DEFAULT mode.
[2022-03-20 14:32:41.020] [INFO ] org.springframework.data.repository.config.RepositoryConfigurationDelegate.registerRepositoriesIn(RepositoryConfigurationDelegate.java:201) org.springframework.data.repository.config.RepositoryConfigurationDelegate - Finished Spring Data repository scanning in 22 ms. Found 0 JDBC repository interfaces.
[2022-03-20 14:32:41.029] [INFO ] org.springframework.data.repository.config.RepositoryConfigurationDelegate.multipleStoresDetected(RepositoryConfigurationDelegate.java:262) org.springframework.data.repository.config.RepositoryConfigurationDelegate - Multiple Spring Data modules found, entering strict repository configuration mode!
[2022-03-20 14:32:41.030] [INFO ] org.springframework.data.repository.config.RepositoryConfigurationDelegate.registerRepositoriesIn(RepositoryConfigurationDelegate.java:132) org.springframework.data.repository.config.RepositoryConfigurationDelegate - Bootstrapping Spring Data Redis repositories in DEFAULT mode.
[2022-03-20 14:32:41.058] [INFO ] org.springframework.data.repository.config.RepositoryConfigurationDelegate.registerRepositoriesIn(RepositoryConfigurationDelegate.java:201) org.springframework.data.repository.config.RepositoryConfigurationDelegate - Finished Spring Data repository scanning in 21 ms. Found 0 Redis repository interfaces.
[2022-03-20 14:32:41.662] [INFO ] org.springframework.boot.web.embedded.tomcat.TomcatWebServer.initialize(TomcatWebServer.java:108) org.springframework.boot.web.embedded.tomcat.TomcatWebServer - Tomcat initialized with port(s): 8099 (http)
[2022-03-20 14:32:41.670] [INFO ] org.apache.juli.logging.DirectJDKLog.log(DirectJDKLog.java:173) org.apache.coyote.http11.Http11NioProtocol - Initializing ProtocolHandler ["http-nio-8099"]
[2022-03-20 14:32:41.670] [INFO ] org.apache.juli.logging.DirectJDKLog.log(DirectJDKLog.java:173) org.apache.catalina.core.StandardService - Starting service [Tomcat]
[2022-03-20 14:32:41.670] [INFO ] org.apache.juli.logging.DirectJDKLog.log(DirectJDKLog.java:173) org.apache.catalina.core.StandardEngine - Starting Servlet engine: [Apache Tomcat/9.0.54]
[2022-03-20 14:32:41.778] [INFO ] org.apache.juli.logging.DirectJDKLog.log(DirectJDKLog.java:173) org.apache.catalina.core.ContainerBase.[Tomcat].[localhost].[/] - Initializing Spring embedded WebApplicationContext
[2022-03-20 14:32:41.779] [INFO ] org.springframework.boot.web.servlet.context.ServletWebServerApplicationContext.prepareWebApplicationContext(ServletWebServerApplicationContext.java:290) org.springframework.boot.web.servlet.context.ServletWebServerApplicationContext - Root WebApplicationContext: initialization completed in 1871 ms
[2022-03-20 14:32:41.856] [INFO ] org.springframework.beans.factory.annotation.AutowiredAnnotationBeanPostProcessor.lambda$buildAutowiringMetadata$1(AutowiredAnnotationBeanPostProcessor.java:478) org.springframework.beans.factory.annotation.AutowiredAnnotationBeanPostProcessor - Autowired annotation is not supported on static fields: private static final org.slf4j.Logger com.bnuz.electronic_supermarket.brand.service.Impl.BrandServiceImpl.LOGGER
[2022-03-20 14:32:41.887] [INFO ] com.alibaba.druid.spring.boot.autoconfigure.DruidDataSourceAutoConfigure.dataSource(DruidDataSourceAutoConfigure.java:56) com.alibaba.druid.spring.boot.autoconfigure.DruidDataSourceAutoConfigure - Init DruidDataSource
[2022-03-20 14:32:42.081] [INFO ] com.alibaba.druid.pool.DruidDataSource.init(DruidDataSource.java:994) com.alibaba.druid.pool.DruidDataSource - {dataSource-1} inited
[2022-03-20 14:32:44.018] [INFO ] org.springframework.beans.factory.annotation.AutowiredAnnotationBeanPostProcessor.lambda$buildAutowiringMetadata$1(AutowiredAnnotationBeanPostProcessor.java:478) org.springframework.beans.factory.annotation.AutowiredAnnotationBeanPostProcessor - Autowired annotation is not supported on static fields: private static final org.slf4j.Logger com.bnuz.electronic_supermarket.order.service.Impl.OrderrServiceImpl.LOGGER
[2022-03-20 14:32:44.040] [INFO ] org.springframework.beans.factory.annotation.AutowiredAnnotationBeanPostProcessor.lambda$buildAutowiringMetadata$1(AutowiredAnnotationBeanPostProcessor.java:478) org.springframework.beans.factory.annotation.AutowiredAnnotationBeanPostProcessor - Autowired annotation is not supported on static fields: private static final org.slf4j.Logger com.bnuz.electronic_supermarket.product.service.Impl.ProductServiceImpl.LOGGER
[2022-03-20 14:32:44.096] [INFO ] org.springframework.beans.factory.annotation.AutowiredAnnotationBeanPostProcessor.lambda$buildAutowiringMetadata$1(AutowiredAnnotationBeanPostProcessor.java:478) org.springframework.beans.factory.annotation.AutowiredAnnotationBeanPostProcessor - Autowired annotation is not supported on static fields: private static final org.slf4j.Logger com.bnuz.electronic_supermarket.store.service.Implement.StoreServiceImpl.LOGGER
[2022-03-20 14:32:44.104] [INFO ] org.springframework.beans.factory.annotation.AutowiredAnnotationBeanPostProcessor.lambda$buildAutowiringMetadata$1(AutowiredAnnotationBeanPostProcessor.java:478) org.springframework.beans.factory.annotation.AutowiredAnnotationBeanPostProcessor - Autowired annotation is not supported on static fields: private static final org.slf4j.Logger com.bnuz.electronic_supermarket.user.service.implement.UserServiceImpl.LOGGER
[2022-03-20 14:32:44.126] [WARN ] org.springframework.context.support.AbstractApplicationContext.refresh(AbstractApplicationContext.java:591) org.springframework.boot.web.servlet.context.AnnotationConfigServletWebServerApplicationContext - Exception encountered during context initialization - cancelling refresh attempt: org.springframework.beans.factory.UnsatisfiedDependencyException: Error creating bean with name 'orderrController': Unsatisfied dependency expressed through field 'orderrService'; nested exception is org.springframework.beans.factory.BeanCreationException: Error creating bean with name 'orderrServiceImpl' defined in file [D:\SeniorCourse\毕业设计\毕设作品电子商城\target\classes\com\bnuz\electronic_supermarket\order\service\Impl\OrderrServiceImpl.class]: Initialization of bean failed; nested exception is java.lang.IllegalStateException: Encountered invalid @Scheduled method 'scheduleTask': Cron expression must consist of 6 fields (found 7 in "0/4 0 0 0 0 ? *")
[2022-03-20 14:32:44.128] [INFO ] com.alibaba.druid.pool.DruidDataSource.close(DruidDataSource.java:2029) com.alibaba.druid.pool.DruidDataSource - {dataSource-1} closing ...
[2022-03-20 14:32:44.129] [INFO ] com.alibaba.druid.pool.DruidDataSource.close(DruidDataSource.java:2101) com.alibaba.druid.pool.DruidDataSource - {dataSource-1} closed
[2022-03-20 14:32:44.131] [INFO ] org.apache.juli.logging.DirectJDKLog.log(DirectJDKLog.java:173) org.apache.catalina.core.StandardService - Stopping service [Tomcat]
[2022-03-20 14:32:44.170] [ERROR] org.springframework.boot.SpringApplication.reportFailure(SpringApplication.java:843) org.springframework.boot.SpringApplication - Application run failed
org.springframework.beans.factory.UnsatisfiedDependencyException: Error creating bean with name 'orderrController': Unsatisfied dependency expressed through field 'orderrService'; nested exception is org.springframework.beans.factory.BeanCreationException: Error creating bean with name 'orderrServiceImpl' defined in file [D:\SeniorCourse\毕业设计\毕设作品电子商城\target\classes\com\bnuz\electronic_supermarket\order\service\Impl\OrderrServiceImpl.class]: Initialization of bean failed; nested exception is java.lang.IllegalStateException: Encountered invalid @Scheduled method 'scheduleTask': Cron expression must consist of 6 fields (found 7 in "0/4 0 0 0 0 ? *")
	at org.springframework.beans.factory.annotation.AutowiredAnnotationBeanPostProcessor$AutowiredFieldElement.resolveFieldValue(AutowiredAnnotationBeanPostProcessor.java:659) ~[spring-beans-5.3.12.jar:5.3.12]
	at org.springframework.beans.factory.annotation.AutowiredAnnotationBeanPostProcessor$AutowiredFieldElement.inject(AutowiredAnnotationBeanPostProcessor.java:639) ~[spring-beans-5.3.12.jar:5.3.12]
	at org.springframework.beans.factory.annotation.InjectionMetadata.inject(InjectionMetadata.java:119) ~[spring-beans-5.3.12.jar:5.3.12]
	at org.springframework.beans.factory.annotation.AutowiredAnnotationBeanPostProcessor.postProcessProperties(AutowiredAnnotationBeanPostProcessor.java:399) ~[spring-beans-5.3.12.jar:5.3.12]
	at org.springframework.beans.factory.support.AbstractAutowireCapableBeanFactory.populateBean(AbstractAutowireCapableBeanFactory.java:1431) ~[spring-beans-5.3.12.jar:5.3.12]
	at org.springframework.beans.factory.support.AbstractAutowireCapableBeanFactory.doCreateBean(AbstractAutowireCapableBeanFactory.java:619) ~[spring-beans-5.3.12.jar:5.3.12]
	at org.springframework.beans.factory.support.AbstractAutowireCapableBeanFactory.createBean(AbstractAutowireCapableBeanFactory.java:542) ~[spring-beans-5.3.12.jar:5.3.12]
	at org.springframework.beans.factory.support.AbstractBeanFactory.lambda$doGetBean$0(AbstractBeanFactory.java:335) ~[spring-beans-5.3.12.jar:5.3.12]
	at org.springframework.beans.factory.support.DefaultSingletonBeanRegistry.getSingleton(DefaultSingletonBeanRegistry.java:234) ~[spring-beans-5.3.12.jar:5.3.12]
	at org.springframework.beans.factory.support.AbstractBeanFactory.doGetBean(AbstractBeanFactory.java:333) ~[spring-beans-5.3.12.jar:5.3.12]
	at org.springframework.beans.factory.support.AbstractBeanFactory.getBean(AbstractBeanFactory.java:208) ~[spring-beans-5.3.12.jar:5.3.12]
	at org.springframework.beans.factory.support.DefaultListableBeanFactory.preInstantiateSingletons(DefaultListableBeanFactory.java:944) ~[spring-beans-5.3.12.jar:5.3.12]
	at org.springframework.context.support.AbstractApplicationContext.finishBeanFactoryInitialization(AbstractApplicationContext.java:918) ~[spring-context-5.3.12.jar:5.3.12]
	at org.springframework.context.support.AbstractApplicationContext.refresh(AbstractApplicationContext.java:583) ~[spring-context-5.3.12.jar:5.3.12]
	at org.springframework.boot.web.servlet.context.ServletWebServerApplicationContext.refresh(ServletWebServerApplicationContext.java:145) ~[spring-boot-2.5.6.jar:2.5.6]
	at org.springframework.boot.SpringApplication.refresh(SpringApplication.java:754) [spring-boot-2.5.6.jar:2.5.6]
	at org.springframework.boot.SpringApplication.refreshContext(SpringApplication.java:434) [spring-boot-2.5.6.jar:2.5.6]
	at org.springframework.boot.SpringApplication.run(SpringApplication.java:338) [spring-boot-2.5.6.jar:2.5.6]
	at org.springframework.boot.SpringApplication.run(SpringApplication.java:1343) [spring-boot-2.5.6.jar:2.5.6]
	at org.springframework.boot.SpringApplication.run(SpringApplication.java:1332) [spring-boot-2.5.6.jar:2.5.6]
	at com.bnuz.electronic_supermarket.ElectronicSupermarketApplication.main(ElectronicSupermarketApplication.java:16) [classes/:?]
	at sun.reflect.NativeMethodAccessorImpl.invoke0(Native Method) ~[?:1.8.0_251]
	at sun.reflect.NativeMethodAccessorImpl.invoke(NativeMethodAccessorImpl.java:62) ~[?:1.8.0_251]
	at sun.reflect.DelegatingMethodAccessorImpl.invoke(DelegatingMethodAccessorImpl.java:43) ~[?:1.8.0_251]
	at java.lang.reflect.Method.invoke(Method.java:498) ~[?:1.8.0_251]
	at org.springframework.boot.devtools.restart.RestartLauncher.run(RestartLauncher.java:49) [spring-boot-devtools-2.5.6.jar:2.5.6]
Caused by: org.springframework.beans.factory.BeanCreationException: Error creating bean with name 'orderrServiceImpl' defined in file [D:\SeniorCourse\毕业设计\毕设作品电子商城\target\classes\com\bnuz\electronic_supermarket\order\service\Impl\OrderrServiceImpl.class]: Initialization of bean failed; nested exception is java.lang.IllegalStateException: Encountered invalid @Scheduled method 'scheduleTask': Cron expression must consist of 6 fields (found 7 in "0/4 0 0 0 0 ? *")
	at org.springframework.beans.factory.support.AbstractAutowireCapableBeanFactory.doCreateBean(AbstractAutowireCapableBeanFactory.java:628) ~[spring-beans-5.3.12.jar:5.3.12]
	at org.springframework.beans.factory.support.AbstractAutowireCapableBeanFactory.createBean(AbstractAutowireCapableBeanFactory.java:542) ~[spring-beans-5.3.12.jar:5.3.12]
	at org.springframework.beans.factory.support.AbstractBeanFactory.lambda$doGetBean$0(AbstractBeanFactory.java:335) ~[spring-beans-5.3.12.jar:5.3.12]
	at org.springframework.beans.factory.support.DefaultSingletonBeanRegistry.getSingleton(DefaultSingletonBeanRegistry.java:234) ~[spring-beans-5.3.12.jar:5.3.12]
	at org.springframework.beans.factory.support.AbstractBeanFactory.doGetBean(AbstractBeanFactory.java:333) ~[spring-beans-5.3.12.jar:5.3.12]
	at org.springframework.beans.factory.support.AbstractBeanFactory.getBean(AbstractBeanFactory.java:208) ~[spring-beans-5.3.12.jar:5.3.12]
	at org.springframework.beans.factory.config.DependencyDescriptor.resolveCandidate(DependencyDescriptor.java:276) ~[spring-beans-5.3.12.jar:5.3.12]
	at org.springframework.beans.factory.support.DefaultListableBeanFactory.doResolveDependency(DefaultListableBeanFactory.java:1380) ~[spring-beans-5.3.12.jar:5.3.12]
	at org.springframework.beans.factory.support.DefaultListableBeanFactory.resolveDependency(DefaultListableBeanFactory.java:1300) ~[spring-beans-5.3.12.jar:5.3.12]
	at org.springframework.beans.factory.annotation.AutowiredAnnotationBeanPostProcessor$AutowiredFieldElement.resolveFieldValue(AutowiredAnnotationBeanPostProcessor.java:656) ~[spring-beans-5.3.12.jar:5.3.12]
	... 25 more
Caused by: java.lang.IllegalStateException: Encountered invalid @Scheduled method 'scheduleTask': Cron expression must consist of 6 fields (found 7 in "0/4 0 0 0 0 ? *")
	at org.springframework.scheduling.annotation.ScheduledAnnotationBeanPostProcessor.processScheduled(ScheduledAnnotationBeanPostProcessor.java:518) ~[spring-context-5.3.12.jar:5.3.12]
	at org.springframework.scheduling.annotation.ScheduledAnnotationBeanPostProcessor.lambda$null$1(ScheduledAnnotationBeanPostProcessor.java:380) ~[spring-context-5.3.12.jar:5.3.12]
	at java.lang.Iterable.forEach(Iterable.java:75) ~[?:1.8.0_251]
	at org.springframework.scheduling.annotation.ScheduledAnnotationBeanPostProcessor.lambda$postProcessAfterInitialization$2(ScheduledAnnotationBeanPostProcessor.java:380) ~[spring-context-5.3.12.jar:5.3.12]
	at java.util.LinkedHashMap.forEach(LinkedHashMap.java:684) ~[?:1.8.0_251]
	at org.springframework.scheduling.annotation.ScheduledAnnotationBeanPostProcessor.postProcessAfterInitialization(ScheduledAnnotationBeanPostProcessor.java:379) ~[spring-context-5.3.12.jar:5.3.12]
	at org.springframework.beans.factory.support.AbstractAutowireCapableBeanFactory.applyBeanPostProcessorsAfterInitialization(AbstractAutowireCapableBeanFactory.java:455) ~[spring-beans-5.3.12.jar:5.3.12]
	at org.springframework.beans.factory.support.AbstractAutowireCapableBeanFactory.initializeBean(AbstractAutowireCapableBeanFactory.java:1808) ~[spring-beans-5.3.12.jar:5.3.12]
	at org.springframework.beans.factory.support.AbstractAutowireCapableBeanFactory.doCreateBean(AbstractAutowireCapableBeanFactory.java:620) ~[spring-beans-5.3.12.jar:5.3.12]
	at org.springframework.beans.factory.support.AbstractAutowireCapableBeanFactory.createBean(AbstractAutowireCapableBeanFactory.java:542) ~[spring-beans-5.3.12.jar:5.3.12]
	at org.springframework.beans.factory.support.AbstractBeanFactory.lambda$doGetBean$0(AbstractBeanFactory.java:335) ~[spring-beans-5.3.12.jar:5.3.12]
	at org.springframework.beans.factory.support.DefaultSingletonBeanRegistry.getSingleton(DefaultSingletonBeanRegistry.java:234) ~[spring-beans-5.3.12.jar:5.3.12]
	at org.springframework.beans.factory.support.AbstractBeanFactory.doGetBean(AbstractBeanFactory.java:333) ~[spring-beans-5.3.12.jar:5.3.12]
	at org.springframework.beans.factory.support.AbstractBeanFactory.getBean(AbstractBeanFactory.java:208) ~[spring-beans-5.3.12.jar:5.3.12]
	at org.springframework.beans.factory.config.DependencyDescriptor.resolveCandidate(DependencyDescriptor.java:276) ~[spring-beans-5.3.12.jar:5.3.12]
	at org.springframework.beans.factory.support.DefaultListableBeanFactory.doResolveDependency(DefaultListableBeanFactory.java:1380) ~[spring-beans-5.3.12.jar:5.3.12]
	at org.springframework.beans.factory.support.DefaultListableBeanFactory.resolveDependency(DefaultListableBeanFactory.java:1300) ~[spring-beans-5.3.12.jar:5.3.12]
	at org.springframework.beans.factory.annotation.AutowiredAnnotationBeanPostProcessor$AutowiredFieldElement.resolveFieldValue(AutowiredAnnotationBeanPostProcessor.java:656) ~[spring-beans-5.3.12.jar:5.3.12]
	... 25 more
