[2022-03-20 20:27:38.084] [INFO ] org.hibernate.validator.internal.util.Version.<clinit>(Version.java:21) org.hibernate.validator.internal.util.Version - HV000001: Hibernate Validator 6.2.0.Final
[2022-03-20 20:27:38.179] [INFO ] org.springframework.boot.StartupInfoLogger.logStarting(StartupInfoLogger.java:55) com.bnuz.electronic_supermarket.ElectronicSupermarketApplication - Starting ElectronicSupermarketApplication using Java 1.8.0_251 on LAPTOP-T0L5AU5O with PID 16996 (D:\SeniorCourse\毕业设计\毕设作品电子商城\target\classes started by AEO WUGUOZHI in D:\SeniorCourse\毕业设计\毕设作品电子商城)
[2022-03-20 20:27:38.184] [INFO ] org.springframework.boot.SpringApplication.logStartupProfileInfo(SpringApplication.java:659) com.bnuz.electronic_supermarket.ElectronicSupermarketApplication - No active profile set, falling back to default profiles: default
[2022-03-20 20:27:38.248] [INFO ] org.springframework.boot.logging.DeferredLog.logTo(DeferredLog.java:255) org.springframework.boot.devtools.env.DevToolsPropertyDefaultsPostProcessor - Devtools property defaults active! Set 'spring.devtools.add-properties' to 'false' to disable
[2022-03-20 20:27:38.248] [INFO ] org.springframework.boot.logging.DeferredLog.logTo(DeferredLog.java:255) org.springframework.boot.devtools.env.DevToolsPropertyDefaultsPostProcessor - For additional web related logging consider setting the 'logging.level.web' property to 'DEBUG'
[2022-03-20 20:27:39.566] [INFO ] org.springframework.data.repository.config.RepositoryConfigurationDelegate.multipleStoresDetected(RepositoryConfigurationDelegate.java:262) org.springframework.data.repository.config.RepositoryConfigurationDelegate - Multiple Spring Data modules found, entering strict repository configuration mode!
[2022-03-20 20:27:39.567] [INFO ] org.springframework.data.repository.config.RepositoryConfigurationDelegate.registerRepositoriesIn(RepositoryConfigurationDelegate.java:132) org.springframework.data.repository.config.RepositoryConfigurationDelegate - Bootstrapping Spring Data Elasticsearch repositories in DEFAULT mode.
[2022-03-20 20:27:39.608] [INFO ] org.springframework.data.repository.config.RepositoryConfigurationDelegate.registerRepositoriesIn(RepositoryConfigurationDelegate.java:201) org.springframework.data.repository.config.RepositoryConfigurationDelegate - Finished Spring Data repository scanning in 35 ms. Found 0 Elasticsearch repository interfaces.
[2022-03-20 20:27:39.612] [INFO ] org.springframework.data.repository.config.RepositoryConfigurationDelegate.multipleStoresDetected(RepositoryConfigurationDelegate.java:262) org.springframework.data.repository.config.RepositoryConfigurationDelegate - Multiple Spring Data modules found, entering strict repository configuration mode!
[2022-03-20 20:27:39.612] [INFO ] org.springframework.data.repository.config.RepositoryConfigurationDelegate.registerRepositoriesIn(RepositoryConfigurationDelegate.java:132) org.springframework.data.repository.config.RepositoryConfigurationDelegate - Bootstrapping Spring Data Reactive Elasticsearch repositories in DEFAULT mode.
[2022-03-20 20:27:39.639] [INFO ] org.springframework.data.repository.config.RepositoryConfigurationDelegate.registerRepositoriesIn(RepositoryConfigurationDelegate.java:201) org.springframework.data.repository.config.RepositoryConfigurationDelegate - Finished Spring Data repository scanning in 26 ms. Found 0 Reactive Elasticsearch repository interfaces.
[2022-03-20 20:27:39.657] [INFO ] org.springframework.data.repository.config.RepositoryConfigurationDelegate.multipleStoresDetected(RepositoryConfigurationDelegate.java:262) org.springframework.data.repository.config.RepositoryConfigurationDelegate - Multiple Spring Data modules found, entering strict repository configuration mode!
[2022-03-20 20:27:39.657] [INFO ] org.springframework.data.repository.config.RepositoryConfigurationDelegate.registerRepositoriesIn(RepositoryConfigurationDelegate.java:132) org.springframework.data.repository.config.RepositoryConfigurationDelegate - Bootstrapping Spring Data JDBC repositories in DEFAULT mode.
[2022-03-20 20:27:39.684] [INFO ] org.springframework.data.repository.config.RepositoryConfigurationDelegate.registerRepositoriesIn(RepositoryConfigurationDelegate.java:201) org.springframework.data.repository.config.RepositoryConfigurationDelegate - Finished Spring Data repository scanning in 26 ms. Found 0 JDBC repository interfaces.
[2022-03-20 20:27:39.694] [INFO ] org.springframework.data.repository.config.RepositoryConfigurationDelegate.multipleStoresDetected(RepositoryConfigurationDelegate.java:262) org.springframework.data.repository.config.RepositoryConfigurationDelegate - Multiple Spring Data modules found, entering strict repository configuration mode!
[2022-03-20 20:27:39.695] [INFO ] org.springframework.data.repository.config.RepositoryConfigurationDelegate.registerRepositoriesIn(RepositoryConfigurationDelegate.java:132) org.springframework.data.repository.config.RepositoryConfigurationDelegate - Bootstrapping Spring Data Redis repositories in DEFAULT mode.
[2022-03-20 20:27:39.736] [INFO ] org.springframework.data.repository.config.RepositoryConfigurationDelegate.registerRepositoriesIn(RepositoryConfigurationDelegate.java:201) org.springframework.data.repository.config.RepositoryConfigurationDelegate - Finished Spring Data repository scanning in 30 ms. Found 0 Redis repository interfaces.
[2022-03-20 20:27:40.486] [INFO ] org.springframework.boot.web.embedded.tomcat.TomcatWebServer.initialize(TomcatWebServer.java:108) org.springframework.boot.web.embedded.tomcat.TomcatWebServer - Tomcat initialized with port(s): 8099 (http)
[2022-03-20 20:27:40.495] [INFO ] org.apache.juli.logging.DirectJDKLog.log(DirectJDKLog.java:173) org.apache.coyote.http11.Http11NioProtocol - Initializing ProtocolHandler ["http-nio-8099"]
[2022-03-20 20:27:40.495] [INFO ] org.apache.juli.logging.DirectJDKLog.log(DirectJDKLog.java:173) org.apache.catalina.core.StandardService - Starting service [Tomcat]
[2022-03-20 20:27:40.495] [INFO ] org.apache.juli.logging.DirectJDKLog.log(DirectJDKLog.java:173) org.apache.catalina.core.StandardEngine - Starting Servlet engine: [Apache Tomcat/9.0.54]
[2022-03-20 20:27:40.647] [INFO ] org.apache.juli.logging.DirectJDKLog.log(DirectJDKLog.java:173) org.apache.catalina.core.ContainerBase.[Tomcat].[localhost].[/] - Initializing Spring embedded WebApplicationContext
[2022-03-20 20:27:40.647] [INFO ] org.springframework.boot.web.servlet.context.ServletWebServerApplicationContext.prepareWebApplicationContext(ServletWebServerApplicationContext.java:290) org.springframework.boot.web.servlet.context.ServletWebServerApplicationContext - Root WebApplicationContext: initialization completed in 2398 ms
[2022-03-20 20:27:40.744] [INFO ] org.springframework.beans.factory.annotation.AutowiredAnnotationBeanPostProcessor.lambda$buildAutowiringMetadata$1(AutowiredAnnotationBeanPostProcessor.java:478) org.springframework.beans.factory.annotation.AutowiredAnnotationBeanPostProcessor - Autowired annotation is not supported on static fields: private static final org.slf4j.Logger com.bnuz.electronic_supermarket.brand.service.Impl.BrandServiceImpl.LOGGER
[2022-03-20 20:27:40.788] [INFO ] com.alibaba.druid.spring.boot.autoconfigure.DruidDataSourceAutoConfigure.dataSource(DruidDataSourceAutoConfigure.java:56) com.alibaba.druid.spring.boot.autoconfigure.DruidDataSourceAutoConfigure - Init DruidDataSource
[2022-03-20 20:27:41.053] [INFO ] com.alibaba.druid.pool.DruidDataSource.init(DruidDataSource.java:994) com.alibaba.druid.pool.DruidDataSource - {dataSource-1} inited
[2022-03-20 20:27:43.439] [INFO ] org.springframework.beans.factory.annotation.AutowiredAnnotationBeanPostProcessor.lambda$buildAutowiringMetadata$1(AutowiredAnnotationBeanPostProcessor.java:478) org.springframework.beans.factory.annotation.AutowiredAnnotationBeanPostProcessor - Autowired annotation is not supported on static fields: private static final org.slf4j.Logger com.bnuz.electronic_supermarket.order.service.Impl.OrderrServiceImpl.LOGGER
[2022-03-20 20:27:43.472] [INFO ] org.springframework.beans.factory.annotation.AutowiredAnnotationBeanPostProcessor.lambda$buildAutowiringMetadata$1(AutowiredAnnotationBeanPostProcessor.java:478) org.springframework.beans.factory.annotation.AutowiredAnnotationBeanPostProcessor - Autowired annotation is not supported on static fields: private static final org.slf4j.Logger com.bnuz.electronic_supermarket.product.service.Impl.ProductServiceImpl.LOGGER
[2022-03-20 20:27:43.600] [INFO ] org.springframework.beans.factory.annotation.AutowiredAnnotationBeanPostProcessor.lambda$buildAutowiringMetadata$1(AutowiredAnnotationBeanPostProcessor.java:478) org.springframework.beans.factory.annotation.AutowiredAnnotationBeanPostProcessor - Autowired annotation is not supported on static fields: private static final org.slf4j.Logger com.bnuz.electronic_supermarket.store.service.Implement.StoreServiceImpl.LOGGER
[2022-03-20 20:27:43.609] [INFO ] org.springframework.beans.factory.annotation.AutowiredAnnotationBeanPostProcessor.lambda$buildAutowiringMetadata$1(AutowiredAnnotationBeanPostProcessor.java:478) org.springframework.beans.factory.annotation.AutowiredAnnotationBeanPostProcessor - Autowired annotation is not supported on static fields: private static final org.slf4j.Logger com.bnuz.electronic_supermarket.user.service.implement.UserServiceImpl.LOGGER
[2022-03-20 20:27:44.178] [INFO ] org.springframework.boot.devtools.autoconfigure.OptionalLiveReloadServer.startServer(OptionalLiveReloadServer.java:58) org.springframework.boot.devtools.autoconfigure.OptionalLiveReloadServer - LiveReload server is running on port 35729
[2022-03-20 20:27:46.971] [INFO ] org.springframework.data.elasticsearch.support.VersionInfo.logVersions(VersionInfo.java:62) org.springframework.data.elasticsearch.support.VersionInfo - Version Spring Data Elasticsearch: 4.2.6
[2022-03-20 20:27:46.971] [INFO ] org.springframework.data.elasticsearch.support.VersionInfo.logVersions(VersionInfo.java:63) org.springframework.data.elasticsearch.support.VersionInfo - Version Elasticsearch Client in build: 7.12.1
[2022-03-20 20:27:46.971] [INFO ] org.springframework.data.elasticsearch.support.VersionInfo.logVersions(VersionInfo.java:64) org.springframework.data.elasticsearch.support.VersionInfo - Version Elasticsearch Client used: 7.12.1
[2022-03-20 20:27:47.427] [INFO ] org.apache.juli.logging.DirectJDKLog.log(DirectJDKLog.java:173) org.apache.coyote.http11.Http11NioProtocol - Starting ProtocolHandler ["http-nio-8099"]
[2022-03-20 20:27:47.440] [INFO ] org.springframework.boot.web.embedded.tomcat.TomcatWebServer.start(TomcatWebServer.java:220) org.springframework.boot.web.embedded.tomcat.TomcatWebServer - Tomcat started on port(s): 8099 (http) with context path ''
[2022-03-20 20:27:47.610] [WARN ] springfox.documentation.swagger.readers.operation.OperationImplicitParameterReader.modelSpecification(OperationImplicitParameterReader.java:170) springfox.documentation.swagger.readers.operation.OperationImplicitParameterReader - Unable to interpret the implicit parameter configuration with dataType: , dataTypeClass: class java.lang.Void
[2022-03-20 20:27:47.614] [WARN ] springfox.documentation.swagger.readers.operation.OperationImplicitParameterReader.modelSpecification(OperationImplicitParameterReader.java:170) springfox.documentation.swagger.readers.operation.OperationImplicitParameterReader - Unable to interpret the implicit parameter configuration with dataType: , dataTypeClass: class java.lang.Void
[2022-03-20 20:27:47.614] [WARN ] springfox.documentation.swagger.readers.operation.OperationImplicitParameterReader.modelSpecification(OperationImplicitParameterReader.java:170) springfox.documentation.swagger.readers.operation.OperationImplicitParameterReader - Unable to interpret the implicit parameter configuration with dataType: , dataTypeClass: class java.lang.Void
[2022-03-20 20:27:47.614] [ERROR] springfox.documentation.spring.web.plugins.AbstractDocumentationPluginsBootstrapper.scanDocumentation(AbstractDocumentationPluginsBootstrapper.java:98) springfox.documentation.spring.web.plugins.DocumentationPluginsBootstrapper - Unable to scan documentation context 开发组001
java.lang.IllegalArgumentException: No enum constant springfox.documentation.service.ParameterType.STATE
	at java.lang.Enum.valueOf(Enum.java:238) ~[?:1.8.0_251]
	at springfox.documentation.service.ParameterType.valueOf(ParameterType.java:6) ~[springfox-core-3.0.0.jar:3.0.0]
	at springfox.documentation.builders.ParameterBuilder.parameterType(ParameterBuilder.java:170) ~[springfox-core-3.0.0.jar:3.0.0]
	at springfox.documentation.swagger.readers.operation.OperationImplicitParameterReader.implicitParameter(OperationImplicitParameterReader.java:108) ~[springfox-swagger-common-3.0.0.jar:3.0.0]
	at springfox.documentation.swagger.readers.operation.OperationImplicitParametersReader.readParameters(OperationImplicitParametersReader.java:83) ~[springfox-swagger-common-3.0.0.jar:3.0.0]
	at springfox.documentation.swagger.readers.operation.OperationImplicitParametersReader.apply(OperationImplicitParametersReader.java:57) ~[springfox-swagger-common-3.0.0.jar:3.0.0]
	at springfox.documentation.spring.web.plugins.DocumentationPluginsManager.operation(DocumentationPluginsManager.java:144) ~[springfox-spring-web-3.0.0.jar:3.0.0]
	at springfox.documentation.spring.web.readers.operation.ApiOperationReader.read(ApiOperationReader.java:72) ~[springfox-spring-web-3.0.0.jar:3.0.0]
	at springfox.documentation.spring.web.scanners.CachingOperationReader.lambda$new$0(CachingOperationReader.java:43) ~[springfox-spring-web-3.0.0.jar:3.0.0]
	at java.util.HashMap.computeIfAbsent(HashMap.java:1127) ~[?:1.8.0_251]
	at springfox.documentation.spring.web.scanners.CachingOperationReader.read(CachingOperationReader.java:48) ~[springfox-spring-web-3.0.0.jar:3.0.0]
	at springfox.documentation.spring.web.scanners.ApiDescriptionReader.read(ApiDescriptionReader.java:72) ~[springfox-spring-web-3.0.0.jar:3.0.0]
	at springfox.documentation.spring.web.scanners.ApiListingScanner.scan(ApiListingScanner.java:169) ~[springfox-spring-web-3.0.0.jar:3.0.0]
	at springfox.documentation.spring.web.scanners.ApiDocumentationScanner.scan(ApiDocumentationScanner.java:67) ~[springfox-spring-web-3.0.0.jar:3.0.0]
	at springfox.documentation.spring.web.plugins.AbstractDocumentationPluginsBootstrapper.scanDocumentation(AbstractDocumentationPluginsBootstrapper.java:96) ~[springfox-spring-web-3.0.0.jar:3.0.0]
	at springfox.documentation.spring.web.plugins.AbstractDocumentationPluginsBootstrapper.bootstrapDocumentationPlugins(AbstractDocumentationPluginsBootstrapper.java:82) ~[springfox-spring-web-3.0.0.jar:3.0.0]
	at springfox.documentation.spring.web.plugins.DocumentationPluginsBootstrapper.start(DocumentationPluginsBootstrapper.java:100) ~[springfox-spring-web-3.0.0.jar:3.0.0]
	at org.springframework.context.support.DefaultLifecycleProcessor.doStart(DefaultLifecycleProcessor.java:178) ~[spring-context-5.3.12.jar:5.3.12]
	at org.springframework.context.support.DefaultLifecycleProcessor.access$200(DefaultLifecycleProcessor.java:54) ~[spring-context-5.3.12.jar:5.3.12]
	at org.springframework.context.support.DefaultLifecycleProcessor$LifecycleGroup.start(DefaultLifecycleProcessor.java:356) ~[spring-context-5.3.12.jar:5.3.12]
	at java.lang.Iterable.forEach(Iterable.java:75) [?:1.8.0_251]
	at org.springframework.context.support.DefaultLifecycleProcessor.startBeans(DefaultLifecycleProcessor.java:155) [spring-context-5.3.12.jar:5.3.12]
	at org.springframework.context.support.DefaultLifecycleProcessor.onRefresh(DefaultLifecycleProcessor.java:123) [spring-context-5.3.12.jar:5.3.12]
	at org.springframework.context.support.AbstractApplicationContext.finishRefresh(AbstractApplicationContext.java:935) [spring-context-5.3.12.jar:5.3.12]
	at org.springframework.context.support.AbstractApplicationContext.refresh(AbstractApplicationContext.java:586) [spring-context-5.3.12.jar:5.3.12]
	at org.springframework.boot.web.servlet.context.ServletWebServerApplicationContext.refresh(ServletWebServerApplicationContext.java:145) [spring-boot-2.5.6.jar:2.5.6]
	at org.springframework.boot.SpringApplication.refresh(SpringApplication.java:754) [spring-boot-2.5.6.jar:2.5.6]
	at org.springframework.boot.SpringApplication.refreshContext(SpringApplication.java:434) [spring-boot-2.5.6.jar:2.5.6]
	at org.springframework.boot.SpringApplication.run(SpringApplication.java:338) [spring-boot-2.5.6.jar:2.5.6]
	at org.springframework.boot.SpringApplication.run(SpringApplication.java:1343) [spring-boot-2.5.6.jar:2.5.6]
	at org.springframework.boot.SpringApplication.run(SpringApplication.java:1332) [spring-boot-2.5.6.jar:2.5.6]
	at com.bnuz.electronic_supermarket.ElectronicSupermarketApplication.main(ElectronicSupermarketApplication.java:16) [classes/:?]
	at sun.reflect.NativeMethodAccessorImpl.invoke0(Native Method) ~[?:1.8.0_251]
	at sun.reflect.NativeMethodAccessorImpl.invoke(NativeMethodAccessorImpl.java:62) ~[?:1.8.0_251]
	at sun.reflect.DelegatingMethodAccessorImpl.invoke(DelegatingMethodAccessorImpl.java:43) ~[?:1.8.0_251]
	at java.lang.reflect.Method.invoke(Method.java:498) ~[?:1.8.0_251]
	at org.springframework.boot.devtools.restart.RestartLauncher.run(RestartLauncher.java:49) [spring-boot-devtools-2.5.6.jar:2.5.6]
[2022-03-20 20:27:47.676] [WARN ] springfox.documentation.swagger.readers.operation.OperationImplicitParameterReader.modelSpecification(OperationImplicitParameterReader.java:170) springfox.documentation.swagger.readers.operation.OperationImplicitParameterReader - Unable to interpret the implicit parameter configuration with dataType: , dataTypeClass: class java.lang.Void
[2022-03-20 20:27:47.702] [WARN ] springfox.documentation.swagger.readers.operation.OperationImplicitParameterReader.modelSpecification(OperationImplicitParameterReader.java:170) springfox.documentation.swagger.readers.operation.OperationImplicitParameterReader - Unable to interpret the implicit parameter configuration with dataType: , dataTypeClass: class java.lang.Void
[2022-03-20 20:27:47.702] [WARN ] springfox.documentation.swagger.readers.operation.OperationImplicitParameterReader.modelSpecification(OperationImplicitParameterReader.java:170) springfox.documentation.swagger.readers.operation.OperationImplicitParameterReader - Unable to interpret the implicit parameter configuration with dataType: , dataTypeClass: class java.lang.Void
[2022-03-20 20:27:47.710] [WARN ] springfox.documentation.swagger.readers.operation.OperationImplicitParameterReader.modelSpecification(OperationImplicitParameterReader.java:170) springfox.documentation.swagger.readers.operation.OperationImplicitParameterReader - Unable to interpret the implicit parameter configuration with dataType: , dataTypeClass: class java.lang.Void
[2022-03-20 20:27:47.710] [WARN ] springfox.documentation.swagger.readers.operation.OperationImplicitParameterReader.modelSpecification(OperationImplicitParameterReader.java:170) springfox.documentation.swagger.readers.operation.OperationImplicitParameterReader - Unable to interpret the implicit parameter configuration with dataType: , dataTypeClass: class java.lang.Void
[2022-03-20 20:27:47.731] [WARN ] springfox.documentation.swagger.readers.operation.OperationImplicitParameterReader.modelSpecification(OperationImplicitParameterReader.java:170) springfox.documentation.swagger.readers.operation.OperationImplicitParameterReader - Unable to interpret the implicit parameter configuration with dataType: , dataTypeClass: class java.lang.Void
[2022-03-20 20:27:47.732] [WARN ] springfox.documentation.swagger.readers.operation.OperationImplicitParameterReader.modelSpecification(OperationImplicitParameterReader.java:170) springfox.documentation.swagger.readers.operation.OperationImplicitParameterReader - Unable to interpret the implicit parameter configuration with dataType: , dataTypeClass: class java.lang.Void
[2022-03-20 20:27:47.732] [WARN ] springfox.documentation.swagger.readers.operation.OperationImplicitParameterReader.modelSpecification(OperationImplicitParameterReader.java:170) springfox.documentation.swagger.readers.operation.OperationImplicitParameterReader - Unable to interpret the implicit parameter configuration with dataType: , dataTypeClass: class java.lang.Void
[2022-03-20 20:27:47.732] [ERROR] springfox.documentation.spring.web.plugins.AbstractDocumentationPluginsBootstrapper.scanDocumentation(AbstractDocumentationPluginsBootstrapper.java:98) springfox.documentation.spring.web.plugins.DocumentationPluginsBootstrapper - Unable to scan documentation context 电子商城开发组
java.lang.IllegalArgumentException: No enum constant springfox.documentation.service.ParameterType.STATE
	at java.lang.Enum.valueOf(Enum.java:238) ~[?:1.8.0_251]
	at springfox.documentation.service.ParameterType.valueOf(ParameterType.java:6) ~[springfox-core-3.0.0.jar:3.0.0]
	at springfox.documentation.builders.ParameterBuilder.parameterType(ParameterBuilder.java:170) ~[springfox-core-3.0.0.jar:3.0.0]
	at springfox.documentation.swagger.readers.operation.OperationImplicitParameterReader.implicitParameter(OperationImplicitParameterReader.java:108) ~[springfox-swagger-common-3.0.0.jar:3.0.0]
	at springfox.documentation.swagger.readers.operation.OperationImplicitParametersReader.readParameters(OperationImplicitParametersReader.java:83) ~[springfox-swagger-common-3.0.0.jar:3.0.0]
	at springfox.documentation.swagger.readers.operation.OperationImplicitParametersReader.apply(OperationImplicitParametersReader.java:57) ~[springfox-swagger-common-3.0.0.jar:3.0.0]
	at springfox.documentation.spring.web.plugins.DocumentationPluginsManager.operation(DocumentationPluginsManager.java:144) ~[springfox-spring-web-3.0.0.jar:3.0.0]
	at springfox.documentation.spring.web.readers.operation.ApiOperationReader.read(ApiOperationReader.java:72) ~[springfox-spring-web-3.0.0.jar:3.0.0]
	at springfox.documentation.spring.web.scanners.CachingOperationReader.lambda$new$0(CachingOperationReader.java:43) ~[springfox-spring-web-3.0.0.jar:3.0.0]
	at java.util.HashMap.computeIfAbsent(HashMap.java:1127) ~[?:1.8.0_251]
	at springfox.documentation.spring.web.scanners.CachingOperationReader.read(CachingOperationReader.java:48) ~[springfox-spring-web-3.0.0.jar:3.0.0]
	at springfox.documentation.spring.web.scanners.ApiDescriptionReader.read(ApiDescriptionReader.java:72) ~[springfox-spring-web-3.0.0.jar:3.0.0]
	at springfox.documentation.spring.web.scanners.ApiListingScanner.scan(ApiListingScanner.java:169) ~[springfox-spring-web-3.0.0.jar:3.0.0]
	at springfox.documentation.spring.web.scanners.ApiDocumentationScanner.scan(ApiDocumentationScanner.java:67) ~[springfox-spring-web-3.0.0.jar:3.0.0]
	at springfox.documentation.spring.web.plugins.AbstractDocumentationPluginsBootstrapper.scanDocumentation(AbstractDocumentationPluginsBootstrapper.java:96) ~[springfox-spring-web-3.0.0.jar:3.0.0]
	at springfox.documentation.spring.web.plugins.AbstractDocumentationPluginsBootstrapper.bootstrapDocumentationPlugins(AbstractDocumentationPluginsBootstrapper.java:82) ~[springfox-spring-web-3.0.0.jar:3.0.0]
	at springfox.documentation.spring.web.plugins.DocumentationPluginsBootstrapper.start(DocumentationPluginsBootstrapper.java:100) ~[springfox-spring-web-3.0.0.jar:3.0.0]
	at org.springframework.context.support.DefaultLifecycleProcessor.doStart(DefaultLifecycleProcessor.java:178) ~[spring-context-5.3.12.jar:5.3.12]
	at org.springframework.context.support.DefaultLifecycleProcessor.access$200(DefaultLifecycleProcessor.java:54) ~[spring-context-5.3.12.jar:5.3.12]
	at org.springframework.context.support.DefaultLifecycleProcessor$LifecycleGroup.start(DefaultLifecycleProcessor.java:356) ~[spring-context-5.3.12.jar:5.3.12]
	at java.lang.Iterable.forEach(Iterable.java:75) [?:1.8.0_251]
	at org.springframework.context.support.DefaultLifecycleProcessor.startBeans(DefaultLifecycleProcessor.java:155) [spring-context-5.3.12.jar:5.3.12]
	at org.springframework.context.support.DefaultLifecycleProcessor.onRefresh(DefaultLifecycleProcessor.java:123) [spring-context-5.3.12.jar:5.3.12]
	at org.springframework.context.support.AbstractApplicationContext.finishRefresh(AbstractApplicationContext.java:935) [spring-context-5.3.12.jar:5.3.12]
	at org.springframework.context.support.AbstractApplicationContext.refresh(AbstractApplicationContext.java:586) [spring-context-5.3.12.jar:5.3.12]
	at org.springframework.boot.web.servlet.context.ServletWebServerApplicationContext.refresh(ServletWebServerApplicationContext.java:145) [spring-boot-2.5.6.jar:2.5.6]
	at org.springframework.boot.SpringApplication.refresh(SpringApplication.java:754) [spring-boot-2.5.6.jar:2.5.6]
	at org.springframework.boot.SpringApplication.refreshContext(SpringApplication.java:434) [spring-boot-2.5.6.jar:2.5.6]
	at org.springframework.boot.SpringApplication.run(SpringApplication.java:338) [spring-boot-2.5.6.jar:2.5.6]
	at org.springframework.boot.SpringApplication.run(SpringApplication.java:1343) [spring-boot-2.5.6.jar:2.5.6]
	at org.springframework.boot.SpringApplication.run(SpringApplication.java:1332) [spring-boot-2.5.6.jar:2.5.6]
	at com.bnuz.electronic_supermarket.ElectronicSupermarketApplication.main(ElectronicSupermarketApplication.java:16) [classes/:?]
	at sun.reflect.NativeMethodAccessorImpl.invoke0(Native Method) ~[?:1.8.0_251]
	at sun.reflect.NativeMethodAccessorImpl.invoke(NativeMethodAccessorImpl.java:62) ~[?:1.8.0_251]
	at sun.reflect.DelegatingMethodAccessorImpl.invoke(DelegatingMethodAccessorImpl.java:43) ~[?:1.8.0_251]
	at java.lang.reflect.Method.invoke(Method.java:498) ~[?:1.8.0_251]
	at org.springframework.boot.devtools.restart.RestartLauncher.run(RestartLauncher.java:49) [spring-boot-devtools-2.5.6.jar:2.5.6]
[2022-03-20 20:27:47.763] [INFO ] org.springframework.boot.StartupInfoLogger.logStarted(StartupInfoLogger.java:61) com.bnuz.electronic_supermarket.ElectronicSupermarketApplication - Started ElectronicSupermarketApplication in 10.26 seconds (JVM running for 13.584)
[2022-03-20 20:27:55.132] [INFO ] org.apache.juli.logging.DirectJDKLog.log(DirectJDKLog.java:173) org.apache.catalina.core.ContainerBase.[Tomcat].[localhost].[/] - Initializing Spring DispatcherServlet 'dispatcherServlet'
[2022-03-20 20:27:55.132] [INFO ] org.springframework.web.servlet.FrameworkServlet.initServletBean(FrameworkServlet.java:525) org.springframework.web.servlet.DispatcherServlet - Initializing Servlet 'dispatcherServlet'
[2022-03-20 20:27:55.138] [INFO ] org.springframework.web.servlet.FrameworkServlet.initServletBean(FrameworkServlet.java:547) org.springframework.web.servlet.DispatcherServlet - Completed initialization in 6 ms
